DEPRECATION WARNING: config.action_view.debug_rjs will be removed in 3.1, from 3.1 onwards you will need to install prototype-rails to continue to use RJS templates . (called from service at /usr/local/rvm/rubies/ruby-1.9.2-p290/lib/ruby/1.9.1/webrick/httpserver.rb:111)
DEPRECATION WARNING: config.action_view.debug_rjs will be removed in 3.1, from 3.1 onwards you will need to install prototype-rails to continue to use RJS templates . (called from service at /usr/local/rvm/rubies/ruby-1.9.2-p290/lib/ruby/1.9.1/webrick/httpserver.rb:111)


Started GET "/" for 127.0.0.1 at 2012-05-25 20:17:10 +0300

ActionController::RoutingError (No route matches "/"):
  

Rendered /usr/local/rvm/gems/ruby-1.9.2-p290/gems/actionpack-3.0.9/lib/action_dispatch/middleware/templates/rescues/routing_error.erb within rescues/layout (1.3ms)


Started GET "/" for 127.0.0.1 at 2012-05-25 20:17:11 +0300

ActionController::RoutingError (No route matches "/"):
  

Rendered /usr/local/rvm/gems/ruby-1.9.2-p290/gems/actionpack-3.0.9/lib/action_dispatch/middleware/templates/rescues/routing_error.erb within rescues/layout (0.7ms)
DEPRECATION WARNING: config.action_view.debug_rjs will be removed in 3.1, from 3.1 onwards you will need to install prototype-rails to continue to use RJS templates . (called from <top (required)> at /home/igor/sites/helios/PizzaHelios/config/environment.rb:5)


Started GET "/" for 127.0.0.1 at 2012-05-26 18:01:10 +0300

ActionController::RoutingError (No route matches "/"):
  

Rendered /home/igor/.rvm/gems/ruby-1.9.2-p318/gems/actionpack-3.0.9/lib/action_dispatch/middleware/templates/rescues/routing_error.erb within rescues/layout (1.4ms)


Started GET "/" for 127.0.0.1 at 2012-05-26 18:01:11 +0300

ActionController::RoutingError (No route matches "/"):
  

Rendered /home/igor/.rvm/gems/ruby-1.9.2-p318/gems/actionpack-3.0.9/lib/action_dispatch/middleware/templates/rescues/routing_error.erb within rescues/layout (0.6ms)


Started GET "/" for 127.0.0.1 at 2012-05-26 18:01:15 +0300

ActionController::RoutingError (No route matches "/"):
  

Rendered /home/igor/.rvm/gems/ruby-1.9.2-p318/gems/actionpack-3.0.9/lib/action_dispatch/middleware/templates/rescues/routing_error.erb within rescues/layout (0.6ms)
DEPRECATION WARNING: config.action_view.debug_rjs will be removed in 3.1, from 3.1 onwards you will need to install prototype-rails to continue to use RJS templates . (called from <top (required)> at /home/igor/sites/helios/PizzaHelios/config/environment.rb:5)
DEPRECATION WARNING: config.action_view.debug_rjs will be removed in 3.1, from 3.1 onwards you will need to install prototype-rails to continue to use RJS templates . (called from <top (required)> at /home/igor/sites/helios/PizzaHelios/config/environment.rb:5)
  [1m[36mSQL (0.3ms)[0m  [1mSHOW TABLES[0m
  [1m[35mSQL (99.2ms)[0m  CREATE TABLE `schema_migrations` (`version` varchar(255) NOT NULL) ENGINE=InnoDB
  [1m[36mSQL (0.4ms)[0m  [1mSHOW KEYS FROM `schema_migrations`[0m
  [1m[35mSQL (150.0ms)[0m  CREATE UNIQUE INDEX `unique_schema_migrations` ON `schema_migrations` (`version`)
  [1m[36mSQL (0.3ms)[0m  [1mSHOW TABLES[0m
  [1m[35mSQL (0.2ms)[0m  SHOW TABLES
  [1m[36mSQL (0.2ms)[0m  [1mSELECT `schema_migrations`.`version` FROM `schema_migrations`[0m
Migrating to CreatePizzas (20120526150910)
  [1m[35mSQL (105.2ms)[0m  CREATE TABLE `pizzas` (`id` int(11) DEFAULT NULL auto_increment PRIMARY KEY, `name` varchar(255), `cost` varchar(255), `mass` int(11), `description` text, `diameter` int(11), `created_at` datetime, `updated_at` datetime) ENGINE=InnoDB
  [1m[36mSQL (48.1ms)[0m  [1mINSERT INTO `schema_migrations` (`version`) VALUES ('20120526150910')[0m
  [1m[35mSQL (0.3ms)[0m  SHOW TABLES
  [1m[36mSQL (0.2ms)[0m  [1mSELECT `schema_migrations`.`version` FROM `schema_migrations`[0m
  [1m[35mSQL (0.1ms)[0m  SHOW TABLES
  [1m[36mSQL (0.5ms)[0m  [1mdescribe `pizzas`[0m
  [1m[35mSQL (0.2ms)[0m  SHOW KEYS FROM `pizzas`
DEPRECATION WARNING: config.action_view.debug_rjs will be removed in 3.1, from 3.1 onwards you will need to install prototype-rails to continue to use RJS templates . (called from <top (required)> at /home/igor/sites/helios/PizzaHelios/config/environment.rb:5)


Started GET "/pizza" for 127.0.0.1 at 2012-05-26 18:11:28 +0300

ActionController::RoutingError (No route matches "/pizza"):
  

Rendered /home/igor/.rvm/gems/ruby-1.9.2-p318/gems/actionpack-3.0.9/lib/action_dispatch/middleware/templates/rescues/routing_error.erb within rescues/layout (0.6ms)


Started GET "/pizzas" for 127.0.0.1 at 2012-05-26 18:11:33 +0300
  Processing by PizzasController#index as HTML
  [1m[36mPizza Load (0.2ms)[0m  [1mSELECT `pizzas`.* FROM `pizzas`[0m
Rendered pizzas/index.html.haml within layouts/application (4.0ms)
Completed 200 OK in 40ms (Views: 7.0ms | ActiveRecord: 0.2ms)


Started GET "/pizzas/new" for 127.0.0.1 at 2012-05-26 18:11:54 +0300
  Processing by PizzasController#new as HTML
Rendered pizzas/_form.html.haml (63.7ms)
Rendered pizzas/new.html.haml within layouts/application (66.5ms)
Completed 200 OK in 74ms (Views: 69.1ms | ActiveRecord: 0.0ms)


Started POST "/pizzas" for 127.0.0.1 at 2012-05-26 18:12:44 +0300
  Processing by PizzasController#create as HTML
  Parameters: {"utf8"=>"✓", "authenticity_token"=>"RoLFoyDc5SFpiX6JIL74b4Ctq9lTyul9eLqklDOdALA=", "pizza"=>{"name"=>"Test Pizza", "cost"=>"39,70", "mass"=>"400", "description"=>"Very very nice", "diameter"=>"40"}, "commit"=>"Save"}
  [1m[35mSQL (0.1ms)[0m  BEGIN
  [1m[36mSQL (0.3ms)[0m  [1mSHOW TABLES[0m
  [1m[35mSQL (0.5ms)[0m  describe `pizzas`
  [1m[36mAREL (0.3ms)[0m  [1mINSERT INTO `pizzas` (`name`, `cost`, `mass`, `description`, `diameter`, `created_at`, `updated_at`) VALUES ('Test Pizza', '39,70', 400, 'Very very nice', 40, '2012-05-26 15:12:44', '2012-05-26 15:12:44')[0m
  [1m[35mSQL (39.8ms)[0m  COMMIT
Redirected to http://localhost:3000/pizzas/1
Completed 302 Found in 78ms


Started GET "/pizzas/1" for 127.0.0.1 at 2012-05-26 18:12:44 +0300
  Processing by PizzasController#show as HTML
  Parameters: {"id"=>"1"}
  [1m[36mPizza Load (0.3ms)[0m  [1mSELECT `pizzas`.* FROM `pizzas` WHERE `pizzas`.`id` = 1 LIMIT 1[0m
Rendered pizzas/show.html.haml within layouts/application (25.1ms)
Completed 200 OK in 33ms (Views: 27.9ms | ActiveRecord: 41.3ms)


Started GET "/pizzas" for 127.0.0.1 at 2012-05-26 18:12:49 +0300
  Processing by PizzasController#index as HTML
  [1m[35mPizza Load (0.4ms)[0m  SELECT `pizzas`.* FROM `pizzas`
Rendered pizzas/index.html.haml within layouts/application (9.0ms)
Completed 200 OK in 16ms (Views: 11.7ms | ActiveRecord: 0.4ms)


Started GET "/pizzas/1/edit" for 127.0.0.1 at 2012-05-26 18:16:14 +0300
  Processing by PizzasController#edit as HTML
  Parameters: {"id"=>"1"}
  [1m[36mPizza Load (0.1ms)[0m  [1mSELECT `pizzas`.* FROM `pizzas` WHERE `pizzas`.`id` = 1 LIMIT 1[0m
Rendered pizzas/_form.html.haml (10.3ms)
Rendered pizzas/edit.html.haml within layouts/application (13.3ms)
Completed 200 OK in 23ms (Views: 16.1ms | ActiveRecord: 0.1ms)


Started GET "/pizzas" for 127.0.0.1 at 2012-05-26 18:30:00 +0300
  Processing by PizzasController#index as HTML
  [1m[35mPizza Load (0.1ms)[0m  SELECT `pizzas`.* FROM `pizzas`
Rendered pizzas/index.html.haml within layouts/application (10.0ms)
Completed 200 OK in 17ms (Views: 12.7ms | ActiveRecord: 0.1ms)


Started GET "/pizzas" for 127.0.0.1 at 2012-05-26 18:36:19 +0300
  Processing by PizzasController#index as HTML
  [1m[36mPizza Load (0.1ms)[0m  [1mSELECT `pizzas`.* FROM `pizzas`[0m
Rendered pizzas/index.html.haml within layouts/application (17.0ms)
Completed 200 OK in 24ms (Views: 19.8ms | ActiveRecord: 0.1ms)


Started GET "/pizzas" for 127.0.0.1 at 2012-05-26 18:37:08 +0300
  Processing by PizzasController#index as HTML
  [1m[35mPizza Load (0.2ms)[0m  SELECT `pizzas`.* FROM `pizzas`
Rendered pizzas/index.html.haml within layouts/application (10.2ms)
Completed 200 OK in 17ms (Views: 12.9ms | ActiveRecord: 0.2ms)


Started GET "/pizzas" for 127.0.0.1 at 2012-05-26 18:37:34 +0300
  Processing by PizzasController#index as HTML
  [1m[36mPizza Load (0.1ms)[0m  [1mSELECT `pizzas`.* FROM `pizzas`[0m
Rendered pizzas/index.html.haml within layouts/application (9.9ms)
Completed 200 OK in 17ms (Views: 12.6ms | ActiveRecord: 0.1ms)


Started GET "/pizzas" for 127.0.0.1 at 2012-05-26 18:37:40 +0300
  Processing by PizzasController#index as HTML
  [1m[35mPizza Load (0.2ms)[0m  SELECT `pizzas`.* FROM `pizzas`
Rendered pizzas/index.html.haml within layouts/application (17.1ms)
Completed 200 OK in 24ms (Views: 20.1ms | ActiveRecord: 0.2ms)


Started GET "/pizzas" for 127.0.0.1 at 2012-05-26 18:38:22 +0300
  Processing by PizzasController#index as HTML
  [1m[36mPizza Load (0.2ms)[0m  [1mSELECT `pizzas`.* FROM `pizzas`[0m
Rendered pizzas/index.html.haml within layouts/application (10.4ms)
Completed 200 OK in 17ms (Views: 13.1ms | ActiveRecord: 0.2ms)


Started GET "/pizzas" for 127.0.0.1 at 2012-05-26 18:38:31 +0300
  Processing by PizzasController#index as HTML
  [1m[35mPizza Load (0.1ms)[0m  SELECT `pizzas`.* FROM `pizzas`
Rendered pizzas/index.html.haml within layouts/application (10.5ms)
Completed 200 OK in 18ms (Views: 13.3ms | ActiveRecord: 0.1ms)


Started GET "/pizzas" for 127.0.0.1 at 2012-05-26 18:40:26 +0300
  Processing by PizzasController#index as HTML
  [1m[36mPizza Load (0.1ms)[0m  [1mSELECT `pizzas`.* FROM `pizzas`[0m
Rendered pizzas/index.html.haml within layouts/application (10.9ms)
Completed 200 OK in 18ms (Views: 13.6ms | ActiveRecord: 0.1ms)


Started GET "/pizzas" for 127.0.0.1 at 2012-05-26 18:41:46 +0300
  Processing by PizzasController#index as HTML
  [1m[35mPizza Load (0.2ms)[0m  SELECT `pizzas`.* FROM `pizzas`
Rendered pizzas/index.html.haml within layouts/application (11.4ms)
Completed 200 OK in 18ms (Views: 14.1ms | ActiveRecord: 0.2ms)


Started GET "/pizzas" for 127.0.0.1 at 2012-05-26 18:42:52 +0300
  Processing by PizzasController#index as HTML
  [1m[36mPizza Load (0.2ms)[0m  [1mSELECT `pizzas`.* FROM `pizzas`[0m
Rendered pizzas/index.html.haml within layouts/application (21.1ms)
Completed 500 Internal Server Error in 31ms

ActionView::Template::Error (uninitialized constant ActionView::CompiledTemplates::Description):
    8:       %p="Cost: $#{pizza.cost} Mass: #{pizza.mass} g Diameter: #{pizza.diameter} cm"
    9:       %hr
    10:       .pizza_description
    11:         %b= Description
    12:         = pizza.description 
    13:       %hr
    14:       .pizza_actions{}
  app/views/pizzas/index.html.haml:11:in `block in _app_views_pizzas_index_html_haml___869857147_88708620_178462343'
  app/views/pizzas/index.html.haml:3:in `each'
  app/views/pizzas/index.html.haml:3:in `_app_views_pizzas_index_html_haml___869857147_88708620_178462343'
  app/controllers/pizzas_controller.rb:7:in `index'

Rendered /home/igor/.rvm/gems/ruby-1.9.2-p318/gems/actionpack-3.0.9/lib/action_dispatch/middleware/templates/rescues/_trace.erb (0.9ms)
Rendered /home/igor/.rvm/gems/ruby-1.9.2-p318/gems/actionpack-3.0.9/lib/action_dispatch/middleware/templates/rescues/_request_and_response.erb (2.3ms)
Rendered /home/igor/.rvm/gems/ruby-1.9.2-p318/gems/actionpack-3.0.9/lib/action_dispatch/middleware/templates/rescues/template_error.erb within rescues/layout (5.7ms)


Started GET "/pizzas" for 127.0.0.1 at 2012-05-26 18:43:05 +0300
  Processing by PizzasController#index as HTML
  [1m[35mPizza Load (0.1ms)[0m  SELECT `pizzas`.* FROM `pizzas`
Rendered pizzas/index.html.haml within layouts/application (11.4ms)
Completed 200 OK in 18ms (Views: 14.2ms | ActiveRecord: 0.1ms)


Started GET "/pizzas" for 127.0.0.1 at 2012-05-26 18:43:22 +0300
  Processing by PizzasController#index as HTML
  [1m[36mPizza Load (0.1ms)[0m  [1mSELECT `pizzas`.* FROM `pizzas`[0m
Rendered pizzas/index.html.haml within layouts/application (11.4ms)
Completed 200 OK in 18ms (Views: 14.1ms | ActiveRecord: 0.1ms)


Started GET "/pizzas" for 127.0.0.1 at 2012-05-26 18:44:04 +0300
  Processing by PizzasController#index as HTML
  [1m[35mPizza Load (0.2ms)[0m  SELECT `pizzas`.* FROM `pizzas`
Rendered pizzas/index.html.haml within layouts/application (15.6ms)
Completed 200 OK in 26ms (Views: 21.4ms | ActiveRecord: 0.2ms)


Started GET "/pizzas/new" for 127.0.0.1 at 2012-05-26 18:44:14 +0300
  Processing by PizzasController#new as HTML
Rendered pizzas/_form.html.haml (9.1ms)
Rendered pizzas/new.html.haml within layouts/application (11.7ms)
Completed 200 OK in 19ms (Views: 14.3ms | ActiveRecord: 0.0ms)


Started POST "/pizzas" for 127.0.0.1 at 2012-05-26 18:44:58 +0300
  Processing by PizzasController#create as HTML
  Parameters: {"utf8"=>"✓", "authenticity_token"=>"RoLFoyDc5SFpiX6JIL74b4Ctq9lTyul9eLqklDOdALA=", "pizza"=>{"name"=>"Second Pizza", "cost"=>"12,60", "mass"=>"300", "description"=>"This is the result of Rails rendering the index view of your posts. There aren’t currently any posts in the database, but if you click the New Post link you can create one. After that, you’ll find that you can edit posts, look at their details, or destroy them. All of the logic and HTML to handle this was built by the single rails generate scaffold command.", "diameter"=>"21"}, "commit"=>"Save"}
  [1m[36mSQL (0.1ms)[0m  [1mBEGIN[0m
  [1m[35mSQL (0.6ms)[0m  describe `pizzas`
  [1m[36mAREL (0.3ms)[0m  [1mINSERT INTO `pizzas` (`name`, `cost`, `mass`, `description`, `diameter`, `created_at`, `updated_at`) VALUES ('Second Pizza', '12,60', 300, 'This is the result of Rails rendering the index view of your posts. There aren’t currently any posts in the database, but if you click the New Post link you can create one. After that, you’ll find that you can edit posts, look at their details, or destroy them. All of the logic and HTML to handle this was built by the single rails generate scaffold command.', 21, '2012-05-26 15:44:58', '2012-05-26 15:44:58')[0m
  [1m[35mSQL (39.6ms)[0m  COMMIT
Redirected to http://localhost:3000/pizzas/2
Completed 302 Found in 52ms


Started GET "/pizzas/2" for 127.0.0.1 at 2012-05-26 18:44:58 +0300
  Processing by PizzasController#show as HTML
  Parameters: {"id"=>"2"}
  [1m[36mPizza Load (0.2ms)[0m  [1mSELECT `pizzas`.* FROM `pizzas` WHERE `pizzas`.`id` = 2 LIMIT 1[0m
Rendered pizzas/show.html.haml within layouts/application (15.3ms)
Completed 200 OK in 28ms (Views: 21.0ms | ActiveRecord: 40.8ms)


Started GET "/pizzas" for 127.0.0.1 at 2012-05-26 18:45:01 +0300
  Processing by PizzasController#index as HTML
  [1m[35mPizza Load (0.5ms)[0m  SELECT `pizzas`.* FROM `pizzas`
Rendered pizzas/index.html.haml within layouts/application (15.8ms)
Completed 200 OK in 44ms (Views: 21.5ms | ActiveRecord: 0.5ms)


Started GET "/pizzas" for 127.0.0.1 at 2012-05-26 18:45:44 +0300
  Processing by PizzasController#index as HTML
  [1m[36mPizza Load (0.3ms)[0m  [1mSELECT `pizzas`.* FROM `pizzas`[0m
Rendered pizzas/index.html.haml within layouts/application (24.8ms)
Completed 200 OK in 35ms (Views: 30.6ms | ActiveRecord: 0.3ms)


Started GET "/pizzas" for 127.0.0.1 at 2012-05-26 18:46:01 +0300
  Processing by PizzasController#index as HTML
  [1m[35mPizza Load (0.1ms)[0m  SELECT `pizzas`.* FROM `pizzas`
Rendered pizzas/index.html.haml within layouts/application (13.6ms)
Completed 200 OK in 20ms (Views: 16.4ms | ActiveRecord: 0.1ms)


Started GET "/pizzas" for 127.0.0.1 at 2012-05-26 18:46:05 +0300
  Processing by PizzasController#index as HTML
  [1m[36mPizza Load (0.1ms)[0m  [1mSELECT `pizzas`.* FROM `pizzas`[0m
Rendered pizzas/index.html.haml within layouts/application (13.2ms)
Completed 200 OK in 20ms (Views: 16.1ms | ActiveRecord: 0.1ms)


Started GET "/pizzas" for 127.0.0.1 at 2012-05-26 18:46:44 +0300
  Processing by PizzasController#index as HTML
  [1m[35mPizza Load (0.1ms)[0m  SELECT `pizzas`.* FROM `pizzas`
Rendered pizzas/index.html.haml within layouts/application (13.5ms)
Completed 200 OK in 20ms (Views: 16.1ms | ActiveRecord: 0.1ms)


Started GET "/pizzas" for 127.0.0.1 at 2012-05-26 18:47:22 +0300
  Processing by PizzasController#index as HTML
  [1m[36mPizza Load (0.1ms)[0m  [1mSELECT `pizzas`.* FROM `pizzas`[0m
Rendered pizzas/index.html.haml within layouts/application (20.4ms)
Completed 200 OK in 27ms (Views: 23.2ms | ActiveRecord: 0.1ms)


Started GET "/pizzas" for 127.0.0.1 at 2012-05-26 18:47:50 +0300
  Processing by PizzasController#index as HTML
  [1m[35mPizza Load (0.2ms)[0m  SELECT `pizzas`.* FROM `pizzas`
Rendered pizzas/index.html.haml within layouts/application (13.6ms)
Completed 200 OK in 20ms (Views: 16.3ms | ActiveRecord: 0.2ms)


Started GET "/pizzas" for 127.0.0.1 at 2012-05-26 18:48:06 +0300
  Processing by PizzasController#index as HTML
  [1m[36mPizza Load (0.2ms)[0m  [1mSELECT `pizzas`.* FROM `pizzas`[0m
Rendered pizzas/index.html.haml within layouts/application (15.9ms)
Completed 200 OK in 26ms (Views: 21.6ms | ActiveRecord: 0.2ms)


Started GET "/pizzas" for 127.0.0.1 at 2012-05-26 18:48:37 +0300
  Processing by PizzasController#index as HTML
  [1m[35mPizza Load (0.2ms)[0m  SELECT `pizzas`.* FROM `pizzas`
Rendered pizzas/index.html.haml within layouts/application (18.6ms)
Completed 200 OK in 29ms (Views: 24.4ms | ActiveRecord: 0.2ms)


Started GET "/pizzas" for 127.0.0.1 at 2012-05-26 18:51:10 +0300
  Processing by PizzasController#index as HTML
  [1m[36mPizza Load (0.1ms)[0m  [1mSELECT `pizzas`.* FROM `pizzas`[0m
Rendered pizzas/index.html.haml within layouts/application (13.5ms)
Completed 200 OK in 20ms (Views: 16.1ms | ActiveRecord: 0.1ms)


Started GET "/pizzas" for 127.0.0.1 at 2012-05-26 18:51:39 +0300
  Processing by PizzasController#index as HTML
  [1m[35mPizza Load (0.1ms)[0m  SELECT `pizzas`.* FROM `pizzas`
Rendered pizzas/index.html.haml within layouts/application (13.5ms)
Completed 200 OK in 20ms (Views: 16.2ms | ActiveRecord: 0.1ms)


Started GET "/pizzas" for 127.0.0.1 at 2012-05-26 18:52:10 +0300
  Processing by PizzasController#index as HTML
  [1m[36mPizza Load (0.2ms)[0m  [1mSELECT `pizzas`.* FROM `pizzas`[0m
Rendered pizzas/index.html.haml within layouts/application (9.8ms)
Completed 200 OK in 17ms (Views: 12.6ms | ActiveRecord: 0.2ms)


Started GET "/pizzas" for 127.0.0.1 at 2012-05-26 18:52:38 +0300
  Processing by PizzasController#index as HTML
  [1m[35mPizza Load (0.2ms)[0m  SELECT `pizzas`.* FROM `pizzas`
Rendered pizzas/index.html.haml within layouts/application (10.7ms)
Completed 200 OK in 21ms (Views: 16.4ms | ActiveRecord: 0.2ms)


Started GET "/pizzas" for 127.0.0.1 at 2012-05-26 18:52:51 +0300
  Processing by PizzasController#index as HTML
  [1m[36mPizza Load (0.2ms)[0m  [1mSELECT `pizzas`.* FROM `pizzas`[0m
Rendered pizzas/index.html.haml within layouts/application (30.9ms)
Completed 200 OK in 41ms (Views: 36.7ms | ActiveRecord: 0.2ms)


Started GET "/pizzas" for 127.0.0.1 at 2012-05-26 18:54:06 +0300
  Processing by PizzasController#index as HTML
  [1m[35mPizza Load (0.2ms)[0m  SELECT `pizzas`.* FROM `pizzas`
Rendered pizzas/index.html.haml within layouts/application (10.3ms)
Completed 200 OK in 17ms (Views: 12.9ms | ActiveRecord: 0.2ms)
DEPRECATION WARNING: config.action_view.debug_rjs will be removed in 3.1, from 3.1 onwards you will need to install prototype-rails to continue to use RJS templates . (called from <top (required)> at /home/igor/sites/helios/PizzaHelios/config/environment.rb:5)
DEPRECATION WARNING: config.action_view.debug_rjs will be removed in 3.1, from 3.1 onwards you will need to install prototype-rails to continue to use RJS templates . (called from <top (required)> at /home/igor/sites/helios/PizzaHelios/config/environment.rb:5)
DEPRECATION WARNING: config.action_view.debug_rjs will be removed in 3.1, from 3.1 onwards you will need to install prototype-rails to continue to use RJS templates . (called from <top (required)> at /home/igor/sites/helios/PizzaHelios/config/environment.rb:5)
  [1m[36mSQL (0.2ms)[0m  [1mSHOW TABLES[0m
  [1m[35mSQL (0.2ms)[0m  SHOW TABLES
  [1m[36mSQL (0.2ms)[0m  [1mSELECT `schema_migrations`.`version` FROM `schema_migrations`[0m
Migrating to CreatePizzas (20120526150910)
Migrating to AddAttachmentPhotoToPizzas (20120526161120)
  [1m[35mSQL (193.7ms)[0m  ALTER TABLE `pizzas` ADD `photo_file_name` varchar(255)
  [1m[36mSQL (208.9ms)[0m  [1mALTER TABLE `pizzas` ADD `photo_content_type` varchar(255)[0m
  [1m[35mSQL (200.6ms)[0m  ALTER TABLE `pizzas` ADD `photo_file_size` int(11)
  [1m[36mSQL (225.6ms)[0m  [1mALTER TABLE `pizzas` ADD `photo_updated_at` datetime[0m
  [1m[35mSQL (32.3ms)[0m  INSERT INTO `schema_migrations` (`version`) VALUES ('20120526161120')
  [1m[36mSQL (0.3ms)[0m  [1mSHOW TABLES[0m
  [1m[35mSQL (0.1ms)[0m  SELECT `schema_migrations`.`version` FROM `schema_migrations`
  [1m[36mSQL (0.1ms)[0m  [1mSHOW TABLES[0m
  [1m[35mSQL (0.3ms)[0m  describe `pizzas`
  [1m[36mSQL (0.2ms)[0m  [1mSHOW KEYS FROM `pizzas`[0m
DEPRECATION WARNING: config.action_view.debug_rjs will be removed in 3.1, from 3.1 onwards you will need to install prototype-rails to continue to use RJS templates . (called from <top (required)> at /home/igor/sites/helios/PizzaHelios/config/environment.rb:5)


Started GET "/pizzas" for 127.0.0.1 at 2012-05-26 19:26:37 +0300
  Processing by PizzasController#index as HTML
  [1m[36mPizza Load (0.6ms)[0m  [1mSELECT `pizzas`.* FROM `pizzas`[0m
Rendered pizzas/index.html.haml within layouts/application (21.1ms)
Completed 200 OK in 64ms (Views: 27.1ms | ActiveRecord: 0.6ms)


Started GET "/pizzas/1/edit" for 127.0.0.1 at 2012-05-26 19:26:39 +0300
  Processing by PizzasController#edit as HTML
  Parameters: {"id"=>"1"}
  [1m[35mSQL (0.4ms)[0m  SHOW TABLES
  [1m[36mPizza Load (0.4ms)[0m  [1mSELECT `pizzas`.* FROM `pizzas` WHERE `pizzas`.`id` = 1 LIMIT 1[0m
Rendered pizzas/_form.html.haml (95.8ms)
Rendered pizzas/edit.html.haml within layouts/application (100.9ms)
Completed 200 OK in 115ms (Views: 106.8ms | ActiveRecord: 0.7ms)


Started GET "/pizzas" for 127.0.0.1 at 2012-05-26 19:30:53 +0300
  Processing by PizzasController#index as HTML
  [1m[35mPizza Load (0.1ms)[0m  SELECT `pizzas`.* FROM `pizzas`
Rendered pizzas/index.html.haml within layouts/application (13.3ms)
Completed 200 OK in 22ms (Views: 16.1ms | ActiveRecord: 0.1ms)


Started GET "/photos/original/missing.png" for 127.0.0.1 at 2012-05-26 19:30:53 +0300

ActionController::RoutingError (No route matches "/photos/original/missing.png"):
  

Rendered /home/igor/.rvm/gems/ruby-1.9.2-p318/gems/actionpack-3.0.9/lib/action_dispatch/middleware/templates/rescues/routing_error.erb within rescues/layout (0.6ms)


Started GET "/pizzas/new" for 127.0.0.1 at 2012-05-26 19:30:57 +0300
  Processing by PizzasController#new as HTML
Rendered pizzas/_form.html.haml (11.7ms)
Rendered pizzas/new.html.haml within layouts/application (14.5ms)
Completed 200 OK in 24ms (Views: 17.2ms | ActiveRecord: 0.0ms)


Started GET "/pizzas" for 127.0.0.1 at 2012-05-26 19:30:59 +0300
  Processing by PizzasController#index as HTML
  [1m[36mPizza Load (0.1ms)[0m  [1mSELECT `pizzas`.* FROM `pizzas`[0m
Rendered pizzas/index.html.haml within layouts/application (13.1ms)
Completed 200 OK in 21ms (Views: 15.8ms | ActiveRecord: 0.1ms)


Started GET "/photos/original/missing.png" for 127.0.0.1 at 2012-05-26 19:30:59 +0300

ActionController::RoutingError (No route matches "/photos/original/missing.png"):
  

Rendered /home/igor/.rvm/gems/ruby-1.9.2-p318/gems/actionpack-3.0.9/lib/action_dispatch/middleware/templates/rescues/routing_error.erb within rescues/layout (0.7ms)


Started GET "/pizzas/1/edit" for 127.0.0.1 at 2012-05-26 19:31:00 +0300
  Processing by PizzasController#edit as HTML
  Parameters: {"id"=>"1"}
  [1m[35mPizza Load (0.2ms)[0m  SELECT `pizzas`.* FROM `pizzas` WHERE `pizzas`.`id` = 1 LIMIT 1
Rendered pizzas/_form.html.haml (34.4ms)
Rendered pizzas/edit.html.haml within layouts/application (39.2ms)
Completed 200 OK in 53ms (Views: 45.0ms | ActiveRecord: 0.2ms)


Started POST "/pizzas/1" for 127.0.0.1 at 2012-05-26 19:31:07 +0300
  Processing by PizzasController#update as HTML
  Parameters: {"utf8"=>"✓", "authenticity_token"=>"RoLFoyDc5SFpiX6JIL74b4Ctq9lTyul9eLqklDOdALA=", "pizza"=>{"name"=>"Test Pizza", "cost"=>"39,70", "mass"=>"400", "description"=>"Very very nice", "diameter"=>"40", "photo"=>#<ActionDispatch::Http::UploadedFile:0xb46822c @original_filename="images.jpg", @content_type="image/jpeg", @headers="Content-Disposition: form-data; name=\"pizza[photo]\"; filename=\"images.jpg\"\r\nContent-Type: image/jpeg\r\n", @tempfile=#<File:/tmp/RackMultipart20120526-5456-1u2yg3s>>}, "commit"=>"Save", "id"=>"1"}
  [1m[36mPizza Load (0.2ms)[0m  [1mSELECT `pizzas`.* FROM `pizzas` WHERE `pizzas`.`id` = 1 LIMIT 1[0m
  [1m[35mSQL (0.2ms)[0m  BEGIN
  [1m[36mAREL (0.4ms)[0m  [1mUPDATE `pizzas` SET `photo_file_name` = 'images.jpg', `photo_content_type` = 'image/jpeg', `photo_file_size` = 4482, `photo_updated_at` = '2012-05-26 16:31:07', `updated_at` = '2012-05-26 16:31:07' WHERE `pizzas`.`id` = 1[0m
[paperclip] Saving attachments.
  [1m[35mSQL (74.2ms)[0m  COMMIT
Redirected to http://localhost:3000/pizzas/1
Completed 302 Found in 208ms


Started GET "/pizzas/1" for 127.0.0.1 at 2012-05-26 19:31:07 +0300
  Processing by PizzasController#show as HTML
  Parameters: {"id"=>"1"}
  [1m[36mPizza Load (0.2ms)[0m  [1mSELECT `pizzas`.* FROM `pizzas` WHERE `pizzas`.`id` = 1 LIMIT 1[0m
Rendered pizzas/show.html.haml within layouts/application (44.9ms)
Completed 200 OK in 54ms (Views: 47.7ms | ActiveRecord: 75.1ms)


Started GET "/pizzas" for 127.0.0.1 at 2012-05-26 19:31:09 +0300
  Processing by PizzasController#index as HTML
  [1m[35mPizza Load (0.3ms)[0m  SELECT `pizzas`.* FROM `pizzas`
Rendered pizzas/index.html.haml within layouts/application (13.3ms)
Completed 200 OK in 22ms (Views: 16.1ms | ActiveRecord: 0.3ms)


Started GET "/photos/original/missing.png" for 127.0.0.1 at 2012-05-26 19:31:10 +0300

ActionController::RoutingError (No route matches "/photos/original/missing.png"):
  

Rendered /home/igor/.rvm/gems/ruby-1.9.2-p318/gems/actionpack-3.0.9/lib/action_dispatch/middleware/templates/rescues/routing_error.erb within rescues/layout (0.6ms)


Started GET "/pizzas" for 127.0.0.1 at 2012-05-26 19:34:20 +0300
  Processing by PizzasController#index as HTML
  [1m[36mPizza Load (0.2ms)[0m  [1mSELECT `pizzas`.* FROM `pizzas`[0m
Rendered pizzas/index.html.haml within layouts/application (13.8ms)
Completed 200 OK in 22ms (Views: 16.5ms | ActiveRecord: 0.2ms)


Started GET "/system/pizzas/photos/000/000/001/small/images.jpg?1338049867" for 127.0.0.1 at 2012-05-26 19:34:20 +0300

ActionController::RoutingError (No route matches "/system/pizzas/photos/000/000/001/small/images.jpg"):
  

Rendered /home/igor/.rvm/gems/ruby-1.9.2-p318/gems/actionpack-3.0.9/lib/action_dispatch/middleware/templates/rescues/routing_error.erb within rescues/layout (0.8ms)


Started GET "/photos/small/missing.png" for 127.0.0.1 at 2012-05-26 19:34:20 +0300

ActionController::RoutingError (No route matches "/photos/small/missing.png"):
  

Rendered /home/igor/.rvm/gems/ruby-1.9.2-p318/gems/actionpack-3.0.9/lib/action_dispatch/middleware/templates/rescues/routing_error.erb within rescues/layout (0.7ms)


Started GET "/pizzas/1/edit" for 127.0.0.1 at 2012-05-26 19:34:24 +0300
  Processing by PizzasController#edit as HTML
  Parameters: {"id"=>"1"}
  [1m[35mPizza Load (0.2ms)[0m  SELECT `pizzas`.* FROM `pizzas` WHERE `pizzas`.`id` = 1 LIMIT 1
Rendered pizzas/_form.html.haml (13.2ms)
Rendered pizzas/edit.html.haml within layouts/application (16.4ms)
Completed 200 OK in 49ms (Views: 19.2ms | ActiveRecord: 0.2ms)


Started POST "/pizzas/1" for 127.0.0.1 at 2012-05-26 19:34:31 +0300
  Processing by PizzasController#update as HTML
  Parameters: {"utf8"=>"✓", "authenticity_token"=>"RoLFoyDc5SFpiX6JIL74b4Ctq9lTyul9eLqklDOdALA=", "pizza"=>{"name"=>"Test Pizza", "cost"=>"39,70", "mass"=>"400", "description"=>"Very very nice", "diameter"=>"40", "photo"=>#<ActionDispatch::Http::UploadedFile:0xb18a1b8 @original_filename="images.jpg", @content_type="image/jpeg", @headers="Content-Disposition: form-data; name=\"pizza[photo]\"; filename=\"images.jpg\"\r\nContent-Type: image/jpeg\r\n", @tempfile=#<File:/tmp/RackMultipart20120526-5456-euozvc>>}, "commit"=>"Save", "id"=>"1"}
  [1m[36mPizza Load (0.1ms)[0m  [1mSELECT `pizzas`.* FROM `pizzas` WHERE `pizzas`.`id` = 1 LIMIT 1[0m
  [1m[35mSQL (0.1ms)[0m  BEGIN
[32mCommand[0m :: identify -format %wx%h '/tmp/images20120526-5456-128n3k9.jpg[0]'
[32mCommand[0m :: convert '/tmp/images20120526-5456-128n3k9.jpg[0]' -resize "150x150>" '/tmp/images20120526-5456-128n3k920120526-5456-1fbma73'
  [1m[36mAREL (0.3ms)[0m  [1mUPDATE `pizzas` SET `photo_updated_at` = '2012-05-26 16:34:31', `updated_at` = '2012-05-26 16:34:31' WHERE `pizzas`.`id` = 1[0m
[paperclip] Saving attachments.
[paperclip] deleting /home/igor/sites/helios/PizzaHelios/public/system/pizzas/photos/000/000/001/original/images.jpg
  [1m[35mSQL (39.5ms)[0m  COMMIT
Redirected to http://localhost:3000/pizzas/1
Completed 302 Found in 113ms


Started GET "/pizzas/1" for 127.0.0.1 at 2012-05-26 19:34:31 +0300
  Processing by PizzasController#show as HTML
  Parameters: {"id"=>"1"}
  [1m[36mPizza Load (0.3ms)[0m  [1mSELECT `pizzas`.* FROM `pizzas` WHERE `pizzas`.`id` = 1 LIMIT 1[0m
Rendered pizzas/show.html.haml within layouts/application (10.1ms)
Completed 200 OK in 44ms (Views: 13.0ms | ActiveRecord: 40.2ms)


Started GET "/pizzas" for 127.0.0.1 at 2012-05-26 19:34:33 +0300
  Processing by PizzasController#index as HTML
  [1m[35mPizza Load (0.4ms)[0m  SELECT `pizzas`.* FROM `pizzas`
Rendered pizzas/index.html.haml within layouts/application (13.1ms)
Completed 200 OK in 22ms (Views: 15.9ms | ActiveRecord: 0.4ms)


Started GET "/photos/small/missing.png" for 127.0.0.1 at 2012-05-26 19:34:33 +0300

ActionController::RoutingError (No route matches "/photos/small/missing.png"):
  

Rendered /home/igor/.rvm/gems/ruby-1.9.2-p318/gems/actionpack-3.0.9/lib/action_dispatch/middleware/templates/rescues/routing_error.erb within rescues/layout (0.7ms)


Started GET "/pizzas" for 127.0.0.1 at 2012-05-26 19:45:36 +0300
  Processing by PizzasController#index as HTML
  [1m[36mPizza Load (0.1ms)[0m  [1mSELECT `pizzas`.* FROM `pizzas`[0m
Rendered pizzas/index.html.haml within layouts/application (13.7ms)
Completed 200 OK in 22ms (Views: 16.4ms | ActiveRecord: 0.1ms)


Started GET "/photos/small/missing.png" for 127.0.0.1 at 2012-05-26 19:45:36 +0300

ActionController::RoutingError (No route matches "/photos/small/missing.png"):
  

Rendered /home/igor/.rvm/gems/ruby-1.9.2-p318/gems/actionpack-3.0.9/lib/action_dispatch/middleware/templates/rescues/routing_error.erb within rescues/layout (0.7ms)


Started GET "/pizzas/1" for 127.0.0.1 at 2012-05-26 19:45:38 +0300
  Processing by PizzasController#show as HTML
  Parameters: {"id"=>"1"}
  [1m[35mPizza Load (0.1ms)[0m  SELECT `pizzas`.* FROM `pizzas` WHERE `pizzas`.`id` = 1 LIMIT 1
Rendered pizzas/show.html.haml within layouts/application (16.1ms)
Completed 500 Internal Server Error in 29ms

ActionView::Template::Error (undefined local variable or method `pizza' for #<#<Class:0xb464eec>:0xb45a884>):
    1: %p#notice= notice
    2: %p
    3:   = image_tag pizza.photo.url(:small)
    4: %p
    5:   %b Name:
    6:   = @pizza.name
  app/views/pizzas/show.html.haml:3:in `_app_views_pizzas_show_html_haml__748113378_94555900__360406709'
  app/controllers/pizzas_controller.rb:18:in `show'

Rendered /home/igor/.rvm/gems/ruby-1.9.2-p318/gems/actionpack-3.0.9/lib/action_dispatch/middleware/templates/rescues/_trace.erb (0.7ms)
Rendered /home/igor/.rvm/gems/ruby-1.9.2-p318/gems/actionpack-3.0.9/lib/action_dispatch/middleware/templates/rescues/_request_and_response.erb (2.2ms)
Rendered /home/igor/.rvm/gems/ruby-1.9.2-p318/gems/actionpack-3.0.9/lib/action_dispatch/middleware/templates/rescues/template_error.erb within rescues/layout (5.3ms)


Started GET "/pizzas/1" for 127.0.0.1 at 2012-05-26 19:45:56 +0300
  Processing by PizzasController#show as HTML
  Parameters: {"id"=>"1"}
  [1m[36mPizza Load (0.1ms)[0m  [1mSELECT `pizzas`.* FROM `pizzas` WHERE `pizzas`.`id` = 1 LIMIT 1[0m
Rendered pizzas/show.html.haml within layouts/application (30.1ms)
Completed 200 OK in 40ms (Views: 32.9ms | ActiveRecord: 0.1ms)


Started GET "/pizzas/1" for 127.0.0.1 at 2012-05-26 19:46:11 +0300
  Processing by PizzasController#show as HTML
  Parameters: {"id"=>"1"}
  [1m[35mPizza Load (0.2ms)[0m  SELECT `pizzas`.* FROM `pizzas` WHERE `pizzas`.`id` = 1 LIMIT 1
Rendered pizzas/show.html.haml within layouts/application (18.6ms)
Completed 200 OK in 29ms (Views: 21.5ms | ActiveRecord: 0.2ms)


Started GET "/system/pizzas/photos/000/000/001/normal/images.jpg?1338050071" for 127.0.0.1 at 2012-05-26 19:46:11 +0300

ActionController::RoutingError (No route matches "/system/pizzas/photos/000/000/001/normal/images.jpg"):
  

Rendered /home/igor/.rvm/gems/ruby-1.9.2-p318/gems/actionpack-3.0.9/lib/action_dispatch/middleware/templates/rescues/routing_error.erb within rescues/layout (1.3ms)


Started GET "/pizzas/1/edit" for 127.0.0.1 at 2012-05-26 19:46:12 +0300
  Processing by PizzasController#edit as HTML
  Parameters: {"id"=>"1"}
  [1m[36mPizza Load (0.1ms)[0m  [1mSELECT `pizzas`.* FROM `pizzas` WHERE `pizzas`.`id` = 1 LIMIT 1[0m
Rendered pizzas/_form.html.haml (13.7ms)
Rendered pizzas/edit.html.haml within layouts/application (17.1ms)
Completed 200 OK in 27ms (Views: 19.9ms | ActiveRecord: 0.1ms)


Started POST "/pizzas/1" for 127.0.0.1 at 2012-05-26 19:46:18 +0300
  Processing by PizzasController#update as HTML
  Parameters: {"utf8"=>"✓", "authenticity_token"=>"RoLFoyDc5SFpiX6JIL74b4Ctq9lTyul9eLqklDOdALA=", "pizza"=>{"name"=>"Test Pizza", "cost"=>"39,70", "mass"=>"400", "description"=>"Very very nice", "diameter"=>"40", "photo"=>#<ActionDispatch::Http::UploadedFile:0xb59b8ec @original_filename="images.jpg", @content_type="image/jpeg", @headers="Content-Disposition: form-data; name=\"pizza[photo]\"; filename=\"images.jpg\"\r\nContent-Type: image/jpeg\r\n", @tempfile=#<File:/tmp/RackMultipart20120526-5456-hj3wzm>>}, "commit"=>"Save", "id"=>"1"}
  [1m[35mPizza Load (0.1ms)[0m  SELECT `pizzas`.* FROM `pizzas` WHERE `pizzas`.`id` = 1 LIMIT 1
  [1m[36mSQL (0.1ms)[0m  [1mBEGIN[0m
[32mCommand[0m :: identify -format %wx%h '/tmp/images20120526-5456-cagq98.jpg[0]'
[32mCommand[0m :: convert '/tmp/images20120526-5456-cagq98.jpg[0]' -resize "150x150>" '/tmp/images20120526-5456-cagq9820120526-5456-trbqpf'
[32mCommand[0m :: identify -format %wx%h '/tmp/images20120526-5456-cagq98.jpg[0]'
[32mCommand[0m :: convert '/tmp/images20120526-5456-cagq98.jpg[0]' -resize "200x200>" '/tmp/images20120526-5456-cagq9820120526-5456-1t1k2an'
  [1m[35mAREL (0.5ms)[0m  UPDATE `pizzas` SET `photo_updated_at` = '2012-05-26 16:46:18', `updated_at` = '2012-05-26 16:46:18' WHERE `pizzas`.`id` = 1
[paperclip] Saving attachments.
[paperclip] deleting /home/igor/sites/helios/PizzaHelios/public/system/pizzas/photos/000/000/001/original/images.jpg
[paperclip] deleting /home/igor/sites/helios/PizzaHelios/public/system/pizzas/photos/000/000/001/small/images.jpg
  [1m[36mSQL (65.8ms)[0m  [1mCOMMIT[0m
Redirected to http://localhost:3000/pizzas/1
Completed 302 Found in 154ms


Started GET "/pizzas/1" for 127.0.0.1 at 2012-05-26 19:46:18 +0300
  Processing by PizzasController#show as HTML
  Parameters: {"id"=>"1"}
  [1m[35mPizza Load (0.2ms)[0m  SELECT `pizzas`.* FROM `pizzas` WHERE `pizzas`.`id` = 1 LIMIT 1
Rendered pizzas/show.html.haml within layouts/application (14.5ms)
Completed 200 OK in 26ms (Views: 18.0ms | ActiveRecord: 66.7ms)


Started GET "/pizzas" for 127.0.0.1 at 2012-05-26 19:46:22 +0300
  Processing by PizzasController#index as HTML
  [1m[36mPizza Load (0.4ms)[0m  [1mSELECT `pizzas`.* FROM `pizzas`[0m
Rendered pizzas/index.html.haml within layouts/application (13.6ms)
Completed 200 OK in 22ms (Views: 16.6ms | ActiveRecord: 0.4ms)


Started GET "/photos/small/missing.png" for 127.0.0.1 at 2012-05-26 19:46:22 +0300

ActionController::RoutingError (No route matches "/photos/small/missing.png"):
  

Rendered /home/igor/.rvm/gems/ruby-1.9.2-p318/gems/actionpack-3.0.9/lib/action_dispatch/middleware/templates/rescues/routing_error.erb within rescues/layout (0.7ms)


Started GET "/pizzas/2/edit" for 127.0.0.1 at 2012-05-26 19:47:18 +0300
  Processing by PizzasController#edit as HTML
  Parameters: {"id"=>"2"}
  [1m[35mPizza Load (0.3ms)[0m  SELECT `pizzas`.* FROM `pizzas` WHERE `pizzas`.`id` = 2 LIMIT 1
Rendered pizzas/_form.html.haml (13.4ms)
Rendered pizzas/edit.html.haml within layouts/application (16.7ms)
Completed 200 OK in 26ms (Views: 19.5ms | ActiveRecord: 0.3ms)


Started POST "/pizzas/2" for 127.0.0.1 at 2012-05-26 19:47:33 +0300
  Processing by PizzasController#update as HTML
  Parameters: {"utf8"=>"✓", "authenticity_token"=>"RoLFoyDc5SFpiX6JIL74b4Ctq9lTyul9eLqklDOdALA=", "pizza"=>{"name"=>"Second Pizza", "cost"=>"12,60", "mass"=>"300", "description"=>"This is the result of Rails rendering the index view of your posts. There aren’t currently any posts in the database, but if you click the New Post link you can create one. After that, you’ll find that you can edit posts, look at their details, or destroy them. All of the logic and HTML to handle this was built by the single rails generate scaffold command.", "diameter"=>"21", "photo"=>#<ActionDispatch::Http::UploadedFile:0xace2a98 @original_filename="Food pizza.jpg", @content_type="image/jpeg", @headers="Content-Disposition: form-data; name=\"pizza[photo]\"; filename=\"Food pizza.jpg\"\r\nContent-Type: image/jpeg\r\n", @tempfile=#<File:/tmp/RackMultipart20120526-5456-o33svw>>}, "commit"=>"Save", "id"=>"2"}
  [1m[36mPizza Load (0.1ms)[0m  [1mSELECT `pizzas`.* FROM `pizzas` WHERE `pizzas`.`id` = 2 LIMIT 1[0m
  [1m[35mSQL (0.1ms)[0m  BEGIN
[32mCommand[0m :: identify -format %wx%h '/tmp/Food pizza20120526-5456-i8rqes.jpg[0]'
[32mCommand[0m :: convert '/tmp/Food pizza20120526-5456-i8rqes.jpg[0]' -resize "150x150>" '/tmp/Food pizza20120526-5456-i8rqes20120526-5456-1774qxp'
[32mCommand[0m :: identify -format %wx%h '/tmp/Food pizza20120526-5456-i8rqes.jpg[0]'
[32mCommand[0m :: convert '/tmp/Food pizza20120526-5456-i8rqes.jpg[0]' -resize "200x200>" '/tmp/Food pizza20120526-5456-i8rqes20120526-5456-1b6662v'
  [1m[36mAREL (0.4ms)[0m  [1mUPDATE `pizzas` SET `photo_file_name` = 'Food_pizza.jpg', `photo_content_type` = 'image/jpeg', `photo_file_size` = 66955, `photo_updated_at` = '2012-05-26 16:47:33', `updated_at` = '2012-05-26 16:47:33' WHERE `pizzas`.`id` = 2[0m
[paperclip] Saving attachments.
  [1m[35mSQL (38.4ms)[0m  COMMIT
Redirected to http://localhost:3000/pizzas/2
Completed 302 Found in 127ms


Started GET "/pizzas/2" for 127.0.0.1 at 2012-05-26 19:47:33 +0300
  Processing by PizzasController#show as HTML
  Parameters: {"id"=>"2"}
  [1m[36mPizza Load (0.3ms)[0m  [1mSELECT `pizzas`.* FROM `pizzas` WHERE `pizzas`.`id` = 2 LIMIT 1[0m
Rendered pizzas/show.html.haml within layouts/application (11.3ms)
Completed 200 OK in 22ms (Views: 14.7ms | ActiveRecord: 39.2ms)


Started GET "/pizzas" for 127.0.0.1 at 2012-05-26 19:47:36 +0300
  Processing by PizzasController#index as HTML
  [1m[35mPizza Load (0.3ms)[0m  SELECT `pizzas`.* FROM `pizzas`
Rendered pizzas/index.html.haml within layouts/application (35.2ms)
Completed 200 OK in 44ms (Views: 37.9ms | ActiveRecord: 0.3ms)


Started GET "/pizzas/1/edit" for 127.0.0.1 at 2012-05-26 19:47:45 +0300
  Processing by PizzasController#edit as HTML
  Parameters: {"id"=>"1"}
  [1m[36mPizza Load (0.3ms)[0m  [1mSELECT `pizzas`.* FROM `pizzas` WHERE `pizzas`.`id` = 1 LIMIT 1[0m
Rendered pizzas/_form.html.haml (13.4ms)
Rendered pizzas/edit.html.haml within layouts/application (16.6ms)
Completed 200 OK in 27ms (Views: 19.4ms | ActiveRecord: 0.3ms)


Started POST "/pizzas/1" for 127.0.0.1 at 2012-05-26 19:48:01 +0300
  Processing by PizzasController#update as HTML
  Parameters: {"utf8"=>"✓", "authenticity_token"=>"RoLFoyDc5SFpiX6JIL74b4Ctq9lTyul9eLqklDOdALA=", "pizza"=>{"name"=>"Test Pizza", "cost"=>"39,70", "mass"=>"400", "description"=>"Very very nice", "diameter"=>"40", "photo"=>#<ActionDispatch::Http::UploadedFile:0xa9cd664 @original_filename="pepperoni_pizza-890.jpg", @content_type="image/jpeg", @headers="Content-Disposition: form-data; name=\"pizza[photo]\"; filename=\"pepperoni_pizza-890.jpg\"\r\nContent-Type: image/jpeg\r\n", @tempfile=#<File:/tmp/RackMultipart20120526-5456-12c7dk7>>}, "commit"=>"Save", "id"=>"1"}
  [1m[35mPizza Load (0.2ms)[0m  SELECT `pizzas`.* FROM `pizzas` WHERE `pizzas`.`id` = 1 LIMIT 1
  [1m[36mSQL (0.1ms)[0m  [1mBEGIN[0m
[32mCommand[0m :: identify -format %wx%h '/tmp/pepperoni_pizza-89020120526-5456-f8yc8h.jpg[0]'
[32mCommand[0m :: convert '/tmp/pepperoni_pizza-89020120526-5456-f8yc8h.jpg[0]' -resize "150x150>" '/tmp/pepperoni_pizza-89020120526-5456-f8yc8h20120526-5456-x18uof'
[32mCommand[0m :: identify -format %wx%h '/tmp/pepperoni_pizza-89020120526-5456-f8yc8h.jpg[0]'
[32mCommand[0m :: convert '/tmp/pepperoni_pizza-89020120526-5456-f8yc8h.jpg[0]' -resize "200x200>" '/tmp/pepperoni_pizza-89020120526-5456-f8yc8h20120526-5456-1t2tfpg'
  [1m[35mAREL (0.4ms)[0m  UPDATE `pizzas` SET `photo_file_name` = 'pepperoni_pizza-890.jpg', `photo_file_size` = 36187, `photo_updated_at` = '2012-05-26 16:48:01', `updated_at` = '2012-05-26 16:48:01' WHERE `pizzas`.`id` = 1
[paperclip] Saving attachments.
[paperclip] deleting /home/igor/sites/helios/PizzaHelios/public/system/pizzas/photos/000/000/001/original/images.jpg
[paperclip] deleting /home/igor/sites/helios/PizzaHelios/public/system/pizzas/photos/000/000/001/small/images.jpg
[paperclip] deleting /home/igor/sites/helios/PizzaHelios/public/system/pizzas/photos/000/000/001/normal/images.jpg
  [1m[36mSQL (109.9ms)[0m  [1mCOMMIT[0m
Redirected to http://localhost:3000/pizzas/1
Completed 302 Found in 243ms


Started GET "/pizzas/1" for 127.0.0.1 at 2012-05-26 19:48:02 +0300
  Processing by PizzasController#show as HTML
  Parameters: {"id"=>"1"}
  [1m[35mPizza Load (0.4ms)[0m  SELECT `pizzas`.* FROM `pizzas` WHERE `pizzas`.`id` = 1 LIMIT 1
Rendered pizzas/show.html.haml within layouts/application (10.8ms)
Completed 200 OK in 22ms (Views: 13.9ms | ActiveRecord: 111.0ms)


Started GET "/pizzas" for 127.0.0.1 at 2012-05-26 19:48:03 +0300
  Processing by PizzasController#index as HTML
  [1m[36mPizza Load (0.4ms)[0m  [1mSELECT `pizzas`.* FROM `pizzas`[0m
Rendered pizzas/index.html.haml within layouts/application (17.1ms)
Completed 200 OK in 29ms (Views: 22.9ms | ActiveRecord: 0.4ms)


Started GET "/pizzas/1" for 127.0.0.1 at 2012-05-26 19:48:20 +0300
  Processing by PizzasController#show as HTML
  Parameters: {"id"=>"1"}
  [1m[35mPizza Load (0.1ms)[0m  SELECT `pizzas`.* FROM `pizzas` WHERE `pizzas`.`id` = 1 LIMIT 1
Rendered pizzas/show.html.haml within layouts/application (16.8ms)
Completed 200 OK in 27ms (Views: 19.8ms | ActiveRecord: 0.1ms)


Started GET "/pizzas/new" for 127.0.0.1 at 2012-05-26 19:55:00 +0300
  Processing by PizzasController#new as HTML
Rendered pizzas/_form.html.haml (12.7ms)
Rendered pizzas/new.html.haml within layouts/application (15.6ms)
Completed 200 OK in 25ms (Views: 18.6ms | ActiveRecord: 0.0ms)


Started POST "/pizzas" for 127.0.0.1 at 2012-05-26 19:59:33 +0300
  Processing by PizzasController#create as HTML
  Parameters: {"utf8"=>"✓", "authenticity_token"=>"RoLFoyDc5SFpiX6JIL74b4Ctq9lTyul9eLqklDOdALA=", "pizza"=>{"name"=>"Chesterfied pizza", "cost"=>"11.00", "mass"=>"500", "description"=>"This method removes not only child (and other descendant) elements, but also any text within the set of matched elements. This is because, according to the DOM specification, any string of text within an element is considered a child node of that element. Consider the following HTML", "diameter"=>"30", "photo"=>#<ActionDispatch::Http::UploadedFile:0xa119090 @original_filename="pizza-898.jpg", @content_type="image/jpeg", @headers="Content-Disposition: form-data; name=\"pizza[photo]\"; filename=\"pizza-898.jpg\"\r\nContent-Type: image/jpeg\r\n", @tempfile=#<File:/tmp/RackMultipart20120526-5456-ie1eiu>>}, "commit"=>"Save"}
[32mCommand[0m :: identify -format %wx%h '/tmp/pizza-89820120526-5456-10d0u72.jpg[0]'
[32mCommand[0m :: convert '/tmp/pizza-89820120526-5456-10d0u72.jpg[0]' -resize "150x150>" '/tmp/pizza-89820120526-5456-10d0u7220120526-5456-7huw5w'
[32mCommand[0m :: identify -format %wx%h '/tmp/pizza-89820120526-5456-10d0u72.jpg[0]'
[32mCommand[0m :: convert '/tmp/pizza-89820120526-5456-10d0u72.jpg[0]' -resize "200x200>" '/tmp/pizza-89820120526-5456-10d0u7220120526-5456-13am2el'
  [1m[36mSQL (0.2ms)[0m  [1mBEGIN[0m
  [1m[35mSQL (0.6ms)[0m  describe `pizzas`
  [1m[36mAREL (0.3ms)[0m  [1mINSERT INTO `pizzas` (`name`, `cost`, `mass`, `description`, `diameter`, `created_at`, `updated_at`, `photo_file_name`, `photo_content_type`, `photo_file_size`, `photo_updated_at`) VALUES ('Chesterfied pizza', '11.00', 500, 'This method removes not only child (and other descendant) elements, but also any text within the set of matched elements. This is because, according to the DOM specification, any string of text within an element is considered a child node of that element. Consider the following HTML', 30, '2012-05-26 16:59:33', '2012-05-26 16:59:33', 'pizza-898.jpg', 'image/jpeg', 56347, '2012-05-26 16:59:33')[0m
[paperclip] Saving attachments.
  [1m[35mSQL (29.1ms)[0m  COMMIT
Redirected to http://localhost:3000/pizzas/3
Completed 302 Found in 164ms


Started GET "/pizzas/3" for 127.0.0.1 at 2012-05-26 19:59:33 +0300
  Processing by PizzasController#show as HTML
  Parameters: {"id"=>"3"}
  [1m[36mPizza Load (0.3ms)[0m  [1mSELECT `pizzas`.* FROM `pizzas` WHERE `pizzas`.`id` = 3 LIMIT 1[0m
Rendered pizzas/show.html.haml within layouts/application (11.6ms)
Completed 200 OK in 23ms (Views: 14.8ms | ActiveRecord: 30.5ms)


Started GET "/pizzas" for 127.0.0.1 at 2012-05-26 19:59:35 +0300
  Processing by PizzasController#index as HTML
  [1m[35mPizza Load (0.6ms)[0m  SELECT `pizzas`.* FROM `pizzas`
Rendered pizzas/index.html.haml within layouts/application (14.5ms)
Completed 200 OK in 23ms (Views: 17.3ms | ActiveRecord: 0.6ms)


Started GET "/pizzas/1" for 127.0.0.1 at 2012-05-26 20:01:21 +0300
  Processing by PizzasController#show as HTML
  Parameters: {"id"=>"1"}
  [1m[36mPizza Load (0.2ms)[0m  [1mSELECT `pizzas`.* FROM `pizzas` WHERE `pizzas`.`id` = 1 LIMIT 1[0m
Rendered pizzas/show.html.haml within layouts/application (19.1ms)
Completed 200 OK in 32ms (Views: 25.0ms | ActiveRecord: 0.2ms)


Started GET "/pizzas" for 127.0.0.1 at 2012-05-26 20:01:42 +0300
  Processing by PizzasController#index as HTML
  [1m[35mPizza Load (0.2ms)[0m  SELECT `pizzas`.* FROM `pizzas`
Rendered pizzas/index.html.haml within layouts/application (40.9ms)
Completed 200 OK in 53ms (Views: 46.7ms | ActiveRecord: 0.2ms)


Started GET "/pizzas" for 127.0.0.1 at 2012-05-26 20:03:54 +0300
  Processing by PizzasController#index as HTML
  [1m[36mPizza Load (0.1ms)[0m  [1mSELECT `pizzas`.* FROM `pizzas`[0m
Rendered pizzas/index.html.haml within layouts/application (15.1ms)
Completed 200 OK in 24ms (Views: 17.9ms | ActiveRecord: 0.1ms)


Started GET "/pizzas" for 127.0.0.1 at 2012-05-26 20:09:24 +0300
  Processing by PizzasController#index as HTML
  [1m[35mPizza Load (0.2ms)[0m  SELECT `pizzas`.* FROM `pizzas`
Rendered pizzas/index.html.haml within layouts/application (26.7ms)
Completed 200 OK in 35ms (Views: 29.4ms | ActiveRecord: 0.2ms)


Started GET "/pizzas" for 127.0.0.1 at 2012-05-26 20:09:33 +0300
  Processing by PizzasController#index as HTML
  [1m[36mPizza Load (0.1ms)[0m  [1mSELECT `pizzas`.* FROM `pizzas`[0m
Rendered pizzas/index.html.haml within layouts/application (22.3ms)
Completed 200 OK in 31ms (Views: 25.1ms | ActiveRecord: 0.1ms)


Started GET "/pizzas/3" for 127.0.0.1 at 2012-05-26 20:11:04 +0300
  Processing by PizzasController#show as HTML
  Parameters: {"id"=>"3"}
  [1m[35mPizza Load (0.1ms)[0m  SELECT `pizzas`.* FROM `pizzas` WHERE `pizzas`.`id` = 3 LIMIT 1
Rendered pizzas/show.html.haml within layouts/application (33.6ms)
Completed 200 OK in 47ms (Views: 39.4ms | ActiveRecord: 0.1ms)


Started GET "/pizzas" for 127.0.0.1 at 2012-05-26 20:12:08 +0300
  Processing by PizzasController#index as HTML
  [1m[36mPizza Load (0.2ms)[0m  [1mSELECT `pizzas`.* FROM `pizzas`[0m
Rendered pizzas/index.html.haml within layouts/application (24.9ms)
Completed 200 OK in 37ms (Views: 30.8ms | ActiveRecord: 0.2ms)


Started GET "/pizzas/1" for 127.0.0.1 at 2012-05-26 20:12:10 +0300
  Processing by PizzasController#show as HTML
  Parameters: {"id"=>"1"}
  [1m[35mPizza Load (0.1ms)[0m  SELECT `pizzas`.* FROM `pizzas` WHERE `pizzas`.`id` = 1 LIMIT 1
Rendered pizzas/show.html.haml within layouts/application (1.5ms)
Completed 500 Internal Server Error in 15ms

ActionView::Template::Error (Inconsistent indentation: 6 spaces were used for indentation, but the rest of the document was indented using 4 spaces.):
    1: %p#notice= notice
    2: .pizza_item{:style => "border: 1px solid red; width: 600px; margin: 10px"}
    3:     %table
    4:       %tr
    5:         %td{:style => "width: 170px;"}
    6:           .photo{:style => "margin: 5px"}
    7:             = image_tag @pizza.photo.url(:small)
  app/views/pizzas/show.html.haml:4
  app/controllers/pizzas_controller.rb:18:in `show'

Rendered /home/igor/.rvm/gems/ruby-1.9.2-p318/gems/actionpack-3.0.9/lib/action_dispatch/middleware/templates/rescues/_trace.erb (0.8ms)
Rendered /home/igor/.rvm/gems/ruby-1.9.2-p318/gems/actionpack-3.0.9/lib/action_dispatch/middleware/templates/rescues/_request_and_response.erb (8.5ms)
Rendered /home/igor/.rvm/gems/ruby-1.9.2-p318/gems/actionpack-3.0.9/lib/action_dispatch/middleware/templates/rescues/template_error.erb within rescues/layout (11.8ms)


Started GET "/pizzas/1" for 127.0.0.1 at 2012-05-26 20:12:39 +0300
  Processing by PizzasController#show as HTML
  Parameters: {"id"=>"1"}
  [1m[36mPizza Load (0.2ms)[0m  [1mSELECT `pizzas`.* FROM `pizzas` WHERE `pizzas`.`id` = 1 LIMIT 1[0m
Rendered pizzas/show.html.haml within layouts/application (14.3ms)
Completed 500 Internal Server Error in 24ms

ActionView::Template::Error (undefined local variable or method `pizza' for #<#<Class:0xb561110>:0xb55b508>):
    8:       %td  
    9:         .pizza_details{:style => "margin: 10px"}  
    10:           %h2{:style => "color: green"}= @pizza.name
    11:           %p="Cost: $#{pizza.cost} Mass: #{pizza.mass} g Diameter: #{pizza.diameter} cm"
    12:           %hr
    13:           .pizza_description
    14:             %b= "Description:"
  app/views/pizzas/show.html.haml:11:in `_app_views_pizzas_show_html_haml__748113378_95081640__360406709'
  app/controllers/pizzas_controller.rb:18:in `show'

Rendered /home/igor/.rvm/gems/ruby-1.9.2-p318/gems/actionpack-3.0.9/lib/action_dispatch/middleware/templates/rescues/_trace.erb (0.7ms)
Rendered /home/igor/.rvm/gems/ruby-1.9.2-p318/gems/actionpack-3.0.9/lib/action_dispatch/middleware/templates/rescues/_request_and_response.erb (2.2ms)
Rendered /home/igor/.rvm/gems/ruby-1.9.2-p318/gems/actionpack-3.0.9/lib/action_dispatch/middleware/templates/rescues/template_error.erb within rescues/layout (5.5ms)


Started GET "/pizzas/1" for 127.0.0.1 at 2012-05-26 20:12:55 +0300
  Processing by PizzasController#show as HTML
  Parameters: {"id"=>"1"}
  [1m[35mPizza Load (0.1ms)[0m  SELECT `pizzas`.* FROM `pizzas` WHERE `pizzas`.`id` = 1 LIMIT 1
Rendered pizzas/show.html.haml within layouts/application (12.3ms)
Completed 200 OK in 22ms (Views: 15.2ms | ActiveRecord: 0.1ms)


Started GET "/pizzas/1" for 127.0.0.1 at 2012-05-26 20:13:11 +0300
  Processing by PizzasController#show as HTML
  Parameters: {"id"=>"1"}
  [1m[36mPizza Load (0.1ms)[0m  [1mSELECT `pizzas`.* FROM `pizzas` WHERE `pizzas`.`id` = 1 LIMIT 1[0m
Rendered pizzas/show.html.haml within layouts/application (12.3ms)
Completed 200 OK in 25ms (Views: 17.0ms | ActiveRecord: 0.1ms)


Started GET "/pizzas/1" for 127.0.0.1 at 2012-05-26 20:13:32 +0300
  Processing by PizzasController#show as HTML
  Parameters: {"id"=>"1"}
  [1m[35mPizza Load (0.1ms)[0m  SELECT `pizzas`.* FROM `pizzas` WHERE `pizzas`.`id` = 1 LIMIT 1
Rendered pizzas/show.html.haml within layouts/application (12.5ms)
Completed 200 OK in 22ms (Views: 15.4ms | ActiveRecord: 0.1ms)


Started GET "/pizzas/1" for 127.0.0.1 at 2012-05-26 20:14:08 +0300
  Processing by PizzasController#show as HTML
  Parameters: {"id"=>"1"}
  [1m[36mPizza Load (0.2ms)[0m  [1mSELECT `pizzas`.* FROM `pizzas` WHERE `pizzas`.`id` = 1 LIMIT 1[0m
Rendered pizzas/show.html.haml within layouts/application (11.2ms)
Completed 200 OK in 21ms (Views: 14.0ms | ActiveRecord: 0.2ms)


Started GET "/pizzas" for 127.0.0.1 at 2012-05-26 20:14:19 +0300
  Processing by PizzasController#index as HTML
  [1m[35mPizza Load (0.2ms)[0m  SELECT `pizzas`.* FROM `pizzas`
Rendered pizzas/index.html.haml within layouts/application (35.0ms)
Completed 200 OK in 44ms (Views: 37.7ms | ActiveRecord: 0.2ms)


Started GET "/pizzas/2" for 127.0.0.1 at 2012-05-26 20:14:21 +0300
  Processing by PizzasController#show as HTML
  Parameters: {"id"=>"2"}
  [1m[36mPizza Load (0.3ms)[0m  [1mSELECT `pizzas`.* FROM `pizzas` WHERE `pizzas`.`id` = 2 LIMIT 1[0m
Rendered pizzas/show.html.haml within layouts/application (11.3ms)
Completed 200 OK in 22ms (Views: 14.2ms | ActiveRecord: 0.3ms)


Started GET "/pizzas/2" for 127.0.0.1 at 2012-05-26 20:15:16 +0300
  Processing by PizzasController#show as HTML
  Parameters: {"id"=>"2"}
  [1m[35mPizza Load (0.1ms)[0m  SELECT `pizzas`.* FROM `pizzas` WHERE `pizzas`.`id` = 2 LIMIT 1
Rendered pizzas/show.html.haml within layouts/application (11.6ms)
Completed 200 OK in 21ms (Views: 14.4ms | ActiveRecord: 0.1ms)


Started GET "/pizzas/2" for 127.0.0.1 at 2012-05-26 20:15:26 +0300
  Processing by PizzasController#show as HTML
  Parameters: {"id"=>"2"}
  [1m[36mPizza Load (0.1ms)[0m  [1mSELECT `pizzas`.* FROM `pizzas` WHERE `pizzas`.`id` = 2 LIMIT 1[0m
Rendered pizzas/show.html.haml within layouts/application (33.8ms)
Completed 200 OK in 44ms (Views: 36.6ms | ActiveRecord: 0.1ms)


Started GET "/pizzas/2" for 127.0.0.1 at 2012-05-26 20:15:42 +0300
  Processing by PizzasController#show as HTML
  Parameters: {"id"=>"2"}
  [1m[35mPizza Load (0.1ms)[0m  SELECT `pizzas`.* FROM `pizzas` WHERE `pizzas`.`id` = 2 LIMIT 1
Rendered pizzas/show.html.haml within layouts/application (11.3ms)
Completed 200 OK in 21ms (Views: 14.0ms | ActiveRecord: 0.1ms)


Started GET "/pizzas/2" for 127.0.0.1 at 2012-05-26 20:16:48 +0300
  Processing by PizzasController#show as HTML
  Parameters: {"id"=>"2"}
  [1m[36mPizza Load (0.2ms)[0m  [1mSELECT `pizzas`.* FROM `pizzas` WHERE `pizzas`.`id` = 2 LIMIT 1[0m
Rendered pizzas/show.html.haml within layouts/application (17.4ms)
Completed 200 OK in 51ms (Views: 23.4ms | ActiveRecord: 0.2ms)


Started GET "/pizzas" for 127.0.0.1 at 2012-05-26 20:17:03 +0300
  Processing by PizzasController#index as HTML
  [1m[35mPizza Load (0.2ms)[0m  SELECT `pizzas`.* FROM `pizzas`
Rendered pizzas/index.html.haml within layouts/application (15.1ms)
Completed 200 OK in 24ms (Views: 17.8ms | ActiveRecord: 0.2ms)


Started GET "/pizzas" for 127.0.0.1 at 2012-05-26 20:17:59 +0300
  Processing by PizzasController#index as HTML
  [1m[36mPizza Load (0.1ms)[0m  [1mSELECT `pizzas`.* FROM `pizzas`[0m
Rendered pizzas/index.html.haml within layouts/application (35.8ms)
Completed 200 OK in 44ms (Views: 38.6ms | ActiveRecord: 0.1ms)


Started GET "/pizzas" for 127.0.0.1 at 2012-05-26 20:18:21 +0300
  Processing by PizzasController#index as HTML
  [1m[35mPizza Load (0.2ms)[0m  SELECT `pizzas`.* FROM `pizzas`
Rendered pizzas/index.html.haml within layouts/application (27.1ms)
Completed 200 OK in 39ms (Views: 32.9ms | ActiveRecord: 0.2ms)


Started GET "/pizzas" for 127.0.0.1 at 2012-05-26 20:18:40 +0300
  Processing by PizzasController#index as HTML
  [1m[36mPizza Load (0.2ms)[0m  [1mSELECT `pizzas`.* FROM `pizzas`[0m
Rendered pizzas/index.html.haml within layouts/application (39.8ms)
Completed 200 OK in 48ms (Views: 42.5ms | ActiveRecord: 0.2ms)


Started GET "/pizzas" for 127.0.0.1 at 2012-05-26 20:19:04 +0300
  Processing by PizzasController#index as HTML
  [1m[35mPizza Load (0.1ms)[0m  SELECT `pizzas`.* FROM `pizzas`
Rendered pizzas/index.html.haml within layouts/application (20.0ms)
Completed 200 OK in 32ms (Views: 25.8ms | ActiveRecord: 0.1ms)


Started GET "/pizzas" for 127.0.0.1 at 2012-05-26 20:19:29 +0300
  Processing by PizzasController#index as HTML
  [1m[36mPizza Load (0.1ms)[0m  [1mSELECT `pizzas`.* FROM `pizzas`[0m
Rendered pizzas/index.html.haml within layouts/application (15.6ms)
Completed 200 OK in 24ms (Views: 18.3ms | ActiveRecord: 0.1ms)


Started GET "/pizzas" for 127.0.0.1 at 2012-05-26 20:19:45 +0300
  Processing by PizzasController#index as HTML
  [1m[35mPizza Load (0.2ms)[0m  SELECT `pizzas`.* FROM `pizzas`
Rendered pizzas/index.html.haml within layouts/application (25.2ms)
Completed 200 OK in 37ms (Views: 30.7ms | ActiveRecord: 0.2ms)


Started GET "/pizzas/1/edit" for 127.0.0.1 at 2012-05-26 20:19:59 +0300
  Processing by PizzasController#edit as HTML
  Parameters: {"id"=>"1"}
  [1m[36mPizza Load (0.2ms)[0m  [1mSELECT `pizzas`.* FROM `pizzas` WHERE `pizzas`.`id` = 1 LIMIT 1[0m
Rendered pizzas/_form.html.haml (13.4ms)
Rendered pizzas/edit.html.haml within layouts/application (16.7ms)
Completed 200 OK in 26ms (Views: 19.3ms | ActiveRecord: 0.2ms)


Started POST "/pizzas/1" for 127.0.0.1 at 2012-05-26 20:20:33 +0300
  Processing by PizzasController#update as HTML
  Parameters: {"utf8"=>"✓", "authenticity_token"=>"RoLFoyDc5SFpiX6JIL74b4Ctq9lTyul9eLqklDOdALA=", "pizza"=>{"name"=>"Test Pizza", "cost"=>"39,70", "mass"=>"400", "description"=>"If you’ve found yourself on this page, we’re assuming you’re brand new to Git and GitHub. This guide will walk you through the basics and explain a little bit about how everything works along the way.", "diameter"=>"40"}, "commit"=>"Save", "id"=>"1"}
  [1m[35mPizza Load (0.1ms)[0m  SELECT `pizzas`.* FROM `pizzas` WHERE `pizzas`.`id` = 1 LIMIT 1
  [1m[36mSQL (0.1ms)[0m  [1mBEGIN[0m
  [1m[35mAREL (0.4ms)[0m  UPDATE `pizzas` SET `description` = 'If you’ve found yourself on this page, we’re assuming you’re brand new to Git and GitHub. This guide will walk you through the basics and explain a little bit about how everything works along the way.', `updated_at` = '2012-05-26 17:20:33' WHERE `pizzas`.`id` = 1
[paperclip] Saving attachments.
  [1m[36mSQL (49.7ms)[0m  [1mCOMMIT[0m
Redirected to http://localhost:3000/pizzas/1
Completed 302 Found in 66ms


Started GET "/pizzas/1" for 127.0.0.1 at 2012-05-26 20:20:33 +0300
  Processing by PizzasController#show as HTML
  Parameters: {"id"=>"1"}
  [1m[35mPizza Load (0.2ms)[0m  SELECT `pizzas`.* FROM `pizzas` WHERE `pizzas`.`id` = 1 LIMIT 1
Rendered pizzas/show.html.haml within layouts/application (11.8ms)
Completed 200 OK in 45ms (Views: 14.8ms | ActiveRecord: 50.5ms)


Started GET "/pizzas" for 127.0.0.1 at 2012-05-26 20:20:35 +0300
  Processing by PizzasController#index as HTML
  [1m[36mPizza Load (0.3ms)[0m  [1mSELECT `pizzas`.* FROM `pizzas`[0m
Rendered pizzas/index.html.haml within layouts/application (15.1ms)
Completed 200 OK in 24ms (Views: 17.9ms | ActiveRecord: 0.3ms)


Started GET "/pizzas" for 127.0.0.1 at 2012-05-26 20:24:03 +0300
  Processing by PizzasController#index as HTML
  [1m[35mPizza Load (0.1ms)[0m  SELECT `pizzas`.* FROM `pizzas`
Rendered pizzas/index.html.haml within layouts/application (19.7ms)
Completed 200 OK in 28ms (Views: 22.5ms | ActiveRecord: 0.1ms)


Started GET "/pizzas/1" for 127.0.0.1 at 2012-05-26 20:24:05 +0300
  Processing by PizzasController#show as HTML
  Parameters: {"id"=>"1"}
  [1m[36mPizza Load (0.1ms)[0m  [1mSELECT `pizzas`.* FROM `pizzas` WHERE `pizzas`.`id` = 1 LIMIT 1[0m
Rendered pizzas/show.html.haml within layouts/application (11.3ms)
Completed 200 OK in 21ms (Views: 14.2ms | ActiveRecord: 0.1ms)


Started GET "/pizzas/1" for 127.0.0.1 at 2012-05-26 20:24:54 +0300
  Processing by PizzasController#show as HTML
  Parameters: {"id"=>"1"}
  [1m[35mPizza Load (0.1ms)[0m  SELECT `pizzas`.* FROM `pizzas` WHERE `pizzas`.`id` = 1 LIMIT 1
Rendered pizzas/show.html.haml within layouts/application (14.1ms)
Completed 200 OK in 27ms (Views: 19.8ms | ActiveRecord: 0.1ms)


Started GET "/pizzas" for 127.0.0.1 at 2012-05-26 20:25:07 +0300
  Processing by PizzasController#index as HTML
  [1m[36mPizza Load (0.2ms)[0m  [1mSELECT `pizzas`.* FROM `pizzas`[0m
Rendered pizzas/index.html.haml within layouts/application (15.4ms)
Completed 200 OK in 24ms (Views: 18.2ms | ActiveRecord: 0.2ms)


Started GET "/pizzas/1" for 127.0.0.1 at 2012-05-26 20:25:15 +0300
  Processing by PizzasController#show as HTML
  Parameters: {"id"=>"1"}
  [1m[35mPizza Load (0.2ms)[0m  SELECT `pizzas`.* FROM `pizzas` WHERE `pizzas`.`id` = 1 LIMIT 1
Rendered pizzas/show.html.haml within layouts/application (11.5ms)
Completed 200 OK in 21ms (Views: 14.2ms | ActiveRecord: 0.2ms)


Started GET "/pizzas/1/edit" for 127.0.0.1 at 2012-05-26 20:25:17 +0300
  Processing by PizzasController#edit as HTML
  Parameters: {"id"=>"1"}
  [1m[36mPizza Load (0.0ms)[0m  [1mSELECT `pizzas`.* FROM `pizzas` WHERE `pizzas`.`id` = 1 LIMIT 1[0m
Rendered pizzas/_form.html.haml (13.4ms)
Rendered pizzas/edit.html.haml within layouts/application (16.7ms)
Completed 200 OK in 26ms (Views: 19.4ms | ActiveRecord: 0.0ms)


Started GET "/pizzas/1/edit" for 127.0.0.1 at 2012-05-26 20:27:34 +0300
  Processing by PizzasController#edit as HTML
  Parameters: {"id"=>"1"}
  [1m[35mPizza Load (0.1ms)[0m  SELECT `pizzas`.* FROM `pizzas` WHERE `pizzas`.`id` = 1 LIMIT 1
Rendered pizzas/_form.html.haml (46.5ms)
Rendered pizzas/edit.html.haml within layouts/application (51.3ms)
Completed 200 OK in 65ms (Views: 56.7ms | ActiveRecord: 0.1ms)


Started GET "/pizzas/new" for 127.0.0.1 at 2012-05-26 20:27:37 +0300
  Processing by PizzasController#new as HTML
Rendered pizzas/_form.html.haml (12.1ms)
Rendered pizzas/new.html.haml within layouts/application (14.9ms)
Completed 200 OK in 28ms (Views: 20.4ms | ActiveRecord: 0.0ms)


Started GET "/pizzas/1/edit" for 127.0.0.1 at 2012-05-26 20:28:01 +0300
  Processing by PizzasController#edit as HTML
  Parameters: {"id"=>"1"}
  [1m[36mPizza Load (0.2ms)[0m  [1mSELECT `pizzas`.* FROM `pizzas` WHERE `pizzas`.`id` = 1 LIMIT 1[0m
Rendered pizzas/_form.html.haml (33.8ms)
Rendered pizzas/edit.html.haml within layouts/application (37.1ms)
Completed 200 OK in 47ms (Views: 40.0ms | ActiveRecord: 0.2ms)


Started GET "/pizzas/1/edit" for 127.0.0.1 at 2012-05-26 20:30:39 +0300
  Processing by PizzasController#edit as HTML
  Parameters: {"id"=>"1"}
  [1m[35mPizza Load (0.2ms)[0m  SELECT `pizzas`.* FROM `pizzas` WHERE `pizzas`.`id` = 1 LIMIT 1
Rendered pizzas/_form.html.haml (13.8ms)
Rendered pizzas/edit.html.haml within layouts/application (17.0ms)
Completed 200 OK in 27ms (Views: 19.8ms | ActiveRecord: 0.2ms)


Started GET "/pizzas" for 127.0.0.1 at 2012-05-26 20:30:42 +0300
  Processing by PizzasController#index as HTML
  [1m[36mPizza Load (0.1ms)[0m  [1mSELECT `pizzas`.* FROM `pizzas`[0m
Rendered pizzas/index.html.haml within layouts/application (15.9ms)
Completed 200 OK in 24ms (Views: 18.8ms | ActiveRecord: 0.1ms)


Started GET "/pizzas/new" for 127.0.0.1 at 2012-05-26 20:30:43 +0300
  Processing by PizzasController#new as HTML
Rendered pizzas/_form.html.haml (11.9ms)
Rendered pizzas/new.html.haml within layouts/application (14.8ms)
Completed 200 OK in 24ms (Views: 17.6ms | ActiveRecord: 0.0ms)


Started GET "/pizzas" for 127.0.0.1 at 2012-05-26 20:31:07 +0300
  Processing by PizzasController#index as HTML
  [1m[35mPizza Load (0.2ms)[0m  SELECT `pizzas`.* FROM `pizzas`
Rendered pizzas/index.html.haml within layouts/application (15.5ms)
Completed 200 OK in 24ms (Views: 18.3ms | ActiveRecord: 0.2ms)


Started GET "/pizzas" for 127.0.0.1 at 2012-05-26 20:32:58 +0300
  Processing by PizzasController#index as HTML
  [1m[36mPizza Load (0.1ms)[0m  [1mSELECT `pizzas`.* FROM `pizzas`[0m
Rendered pizzas/index.html.haml within layouts/application (36.4ms)
Completed 200 OK in 45ms (Views: 39.3ms | ActiveRecord: 0.1ms)


Started GET "/pizzas/1/edit" for 127.0.0.1 at 2012-05-26 20:34:24 +0300
  Processing by PizzasController#edit as HTML
  Parameters: {"id"=>"1"}
  [1m[35mPizza Load (0.1ms)[0m  SELECT `pizzas`.* FROM `pizzas` WHERE `pizzas`.`id` = 1 LIMIT 1
Rendered pizzas/_form.html.haml (13.4ms)
Rendered pizzas/edit.html.haml within layouts/application (16.5ms)
Completed 200 OK in 26ms (Views: 19.2ms | ActiveRecord: 0.1ms)


Started GET "/pizzas/1" for 127.0.0.1 at 2012-05-26 20:34:28 +0300
  Processing by PizzasController#show as HTML
  Parameters: {"id"=>"1"}
  [1m[36mPizza Load (0.2ms)[0m  [1mSELECT `pizzas`.* FROM `pizzas` WHERE `pizzas`.`id` = 1 LIMIT 1[0m
Rendered pizzas/show.html.haml within layouts/application (41.3ms)
Completed 200 OK in 55ms (Views: 47.2ms | ActiveRecord: 0.2ms)


Started GET "/pizzas" for 127.0.0.1 at 2012-05-26 20:37:56 +0300
  Processing by PizzasController#index as HTML
  [1m[35mPizza Load (0.2ms)[0m  SELECT `pizzas`.* FROM `pizzas`
Rendered pizzas/index.html.haml within layouts/application (25.0ms)
Completed 200 OK in 34ms (Views: 27.7ms | ActiveRecord: 0.2ms)


Started GET "/pizzas" for 127.0.0.1 at 2012-05-26 20:38:30 +0300
  Processing by PizzasController#index as HTML
  [1m[36mPizza Load (0.1ms)[0m  [1mSELECT `pizzas`.* FROM `pizzas`[0m
Rendered pizzas/index.html.haml within layouts/application (18.9ms)
Completed 200 OK in 27ms (Views: 21.8ms | ActiveRecord: 0.1ms)


Started GET "/pizzas" for 127.0.0.1 at 2012-05-26 20:39:40 +0300
  Processing by PizzasController#index as HTML
  [1m[35mPizza Load (0.1ms)[0m  SELECT `pizzas`.* FROM `pizzas`
Rendered pizzas/index.html.haml within layouts/application (15.3ms)
Completed 200 OK in 24ms (Views: 18.2ms | ActiveRecord: 0.1ms)


Started GET "/pizzas/new" for 127.0.0.1 at 2012-05-26 20:40:11 +0300
  Processing by PizzasController#new as HTML
Rendered pizzas/_form.html.haml (32.0ms)
Rendered pizzas/new.html.haml within layouts/application (34.9ms)
Completed 200 OK in 44ms (Views: 37.7ms | ActiveRecord: 0.0ms)


Started GET "/pizzas/new" for 127.0.0.1 at 2012-05-26 20:40:48 +0300
  Processing by PizzasController#new as HTML
Rendered pizzas/_form.html.haml (12.0ms)
Rendered pizzas/new.html.haml within layouts/application (14.9ms)
Completed 200 OK in 24ms (Views: 17.6ms | ActiveRecord: 0.0ms)


Started GET "/pizzas/new" for 127.0.0.1 at 2012-05-26 20:43:10 +0300
  Processing by PizzasController#new as HTML
Rendered pizzas/_form.html.haml (15.1ms)
Rendered pizzas/new.html.haml within layouts/application (19.6ms)
Completed 200 OK in 32ms (Views: 25.5ms | ActiveRecord: 0.0ms)


Started GET "/pizzas" for 127.0.0.1 at 2012-05-26 20:43:20 +0300
  Processing by PizzasController#index as HTML
  [1m[36mPizza Load (0.1ms)[0m  [1mSELECT `pizzas`.* FROM `pizzas`[0m
Rendered pizzas/index.html.haml within layouts/application (15.3ms)
Completed 200 OK in 24ms (Views: 18.0ms | ActiveRecord: 0.1ms)


Started GET "/pizzas/2/edit" for 127.0.0.1 at 2012-05-26 20:43:23 +0300
  Processing by PizzasController#edit as HTML
  Parameters: {"id"=>"2"}
  [1m[35mPizza Load (0.3ms)[0m  SELECT `pizzas`.* FROM `pizzas` WHERE `pizzas`.`id` = 2 LIMIT 1
Rendered pizzas/_form.html.haml (14.2ms)
Rendered pizzas/edit.html.haml within layouts/application (17.4ms)
Completed 200 OK in 27ms (Views: 20.1ms | ActiveRecord: 0.3ms)


Started GET "/pizzas/2" for 127.0.0.1 at 2012-05-26 20:43:30 +0300
  Processing by PizzasController#show as HTML
  Parameters: {"id"=>"2"}
  [1m[36mPizza Load (0.0ms)[0m  [1mSELECT `pizzas`.* FROM `pizzas` WHERE `pizzas`.`id` = 2 LIMIT 1[0m
Rendered pizzas/show.html.haml within layouts/application (11.2ms)
Completed 200 OK in 21ms (Views: 13.9ms | ActiveRecord: 0.0ms)


Started GET "/pizzas/3" for 127.0.0.1 at 2012-05-26 20:43:34 +0300
  Processing by PizzasController#show as HTML
  Parameters: {"id"=>"3"}
  [1m[35mPizza Load (0.2ms)[0m  SELECT `pizzas`.* FROM `pizzas` WHERE `pizzas`.`id` = 3 LIMIT 1
Rendered pizzas/show.html.haml within layouts/application (11.3ms)
Completed 200 OK in 21ms (Views: 14.0ms | ActiveRecord: 0.2ms)


Started GET "/pizzas/new" for 127.0.0.1 at 2012-05-26 20:43:59 +0300
  Processing by PizzasController#new as HTML
Rendered pizzas/_form.html.haml (33.7ms)
Rendered pizzas/new.html.haml within layouts/application (37.8ms)
Completed 200 OK in 51ms (Views: 43.8ms | ActiveRecord: 0.0ms)


Started GET "/pizzas/new" for 127.0.0.1 at 2012-05-26 20:44:32 +0300
  Processing by PizzasController#new as HTML
Rendered pizzas/_form.html.haml (12.1ms)
Rendered pizzas/new.html.haml within layouts/application (15.1ms)
Completed 200 OK in 25ms (Views: 17.9ms | ActiveRecord: 0.0ms)


Started GET "/pizzas" for 127.0.0.1 at 2012-05-26 20:44:37 +0300
  Processing by PizzasController#index as HTML
  [1m[36mPizza Load (0.1ms)[0m  [1mSELECT `pizzas`.* FROM `pizzas`[0m
Rendered pizzas/index.html.haml within layouts/application (15.9ms)
Completed 200 OK in 25ms (Views: 18.6ms | ActiveRecord: 0.1ms)


Started GET "/pizzas/new" for 127.0.0.1 at 2012-05-26 20:44:39 +0300
  Processing by PizzasController#new as HTML
Rendered pizzas/_form.html.haml (14.9ms)
Rendered pizzas/new.html.haml within layouts/application (19.4ms)
Completed 200 OK in 32ms (Views: 24.8ms | ActiveRecord: 0.0ms)


Started GET "/pizzas/2/edit" for 127.0.0.1 at 2012-05-26 20:44:42 +0300
  Processing by PizzasController#edit as HTML
  Parameters: {"id"=>"2"}
  [1m[35mPizza Load (0.1ms)[0m  SELECT `pizzas`.* FROM `pizzas` WHERE `pizzas`.`id` = 2 LIMIT 1
Rendered pizzas/_form.html.haml (15.3ms)
Rendered pizzas/edit.html.haml within layouts/application (20.5ms)
Completed 200 OK in 34ms (Views: 26.3ms | ActiveRecord: 0.1ms)


Started GET "/pizzas/2/edit" for 127.0.0.1 at 2012-05-26 20:44:58 +0300
  Processing by PizzasController#edit as HTML
  Parameters: {"id"=>"2"}
  [1m[36mPizza Load (0.1ms)[0m  [1mSELECT `pizzas`.* FROM `pizzas` WHERE `pizzas`.`id` = 2 LIMIT 1[0m
Rendered pizzas/_form.html.haml (14.1ms)
Rendered pizzas/edit.html.haml within layouts/application (17.7ms)
Completed 200 OK in 48ms (Views: 20.6ms | ActiveRecord: 0.1ms)


Started GET "/pizzas" for 127.0.0.1 at 2012-05-26 20:45:04 +0300
  Processing by PizzasController#index as HTML
  [1m[35mPizza Load (0.1ms)[0m  SELECT `pizzas`.* FROM `pizzas`
Rendered pizzas/index.html.haml within layouts/application (15.7ms)
Completed 200 OK in 24ms (Views: 18.6ms | ActiveRecord: 0.1ms)


Started GET "/pizzas" for 127.0.0.1 at 2012-05-26 20:45:22 +0300
  Processing by PizzasController#index as HTML
  [1m[36mPizza Load (0.2ms)[0m  [1mSELECT `pizzas`.* FROM `pizzas`[0m
Rendered pizzas/index.html.haml within layouts/application (20.3ms)
Completed 200 OK in 32ms (Views: 26.1ms | ActiveRecord: 0.2ms)


Started GET "/pizzas/new" for 127.0.0.1 at 2012-05-26 20:46:17 +0300
  Processing by PizzasController#new as HTML
Rendered pizzas/_form.html.haml (12.2ms)
Rendered pizzas/new.html.haml within layouts/application (15.3ms)
Completed 200 OK in 30ms (Views: 21.1ms | ActiveRecord: 0.0ms)


Started GET "/pizzas/new" for 127.0.0.1 at 2012-05-26 20:46:47 +0300
  Processing by PizzasController#new as HTML
Rendered pizzas/_form.html.haml (13.4ms)
Rendered pizzas/new.html.haml within layouts/application (17.9ms)
Completed 200 OK in 31ms (Views: 23.5ms | ActiveRecord: 0.0ms)


Started GET "/pizzas/new" for 127.0.0.1 at 2012-05-26 20:47:00 +0300
  Processing by PizzasController#new as HTML
Rendered pizzas/_form.html.haml (12.9ms)
Rendered pizzas/new.html.haml within layouts/application (15.9ms)
Completed 200 OK in 46ms (Views: 18.6ms | ActiveRecord: 0.0ms)


Started GET "/pizzas/new" for 127.0.0.1 at 2012-05-26 20:47:37 +0300
  Processing by PizzasController#new as HTML
Rendered pizzas/_form.html.haml (13.1ms)
Rendered pizzas/new.html.haml within layouts/application (16.3ms)
Completed 200 OK in 25ms (Views: 19.0ms | ActiveRecord: 0.0ms)


Started GET "/pizzas" for 127.0.0.1 at 2012-05-26 20:47:54 +0300
  Processing by PizzasController#index as HTML
  [1m[35mPizza Load (0.1ms)[0m  SELECT `pizzas`.* FROM `pizzas`
Rendered pizzas/index.html.haml within layouts/application (15.9ms)
Completed 200 OK in 25ms (Views: 18.8ms | ActiveRecord: 0.1ms)


Started GET "/pizzas/1" for 127.0.0.1 at 2012-05-26 20:48:00 +0300
  Processing by PizzasController#show as HTML
  Parameters: {"id"=>"1"}
  [1m[36mPizza Load (0.1ms)[0m  [1mSELECT `pizzas`.* FROM `pizzas` WHERE `pizzas`.`id` = 1 LIMIT 1[0m
Rendered pizzas/show.html.haml within layouts/application (12.0ms)
Completed 200 OK in 22ms (Views: 14.8ms | ActiveRecord: 0.1ms)


Started GET "/pizzas" for 127.0.0.1 at 2012-05-26 20:48:03 +0300
  Processing by PizzasController#index as HTML
  [1m[35mPizza Load (0.1ms)[0m  SELECT `pizzas`.* FROM `pizzas`
Rendered pizzas/index.html.haml within layouts/application (15.7ms)
Completed 200 OK in 45ms (Views: 18.5ms | ActiveRecord: 0.1ms)


Started GET "/pizzas/new" for 127.0.0.1 at 2012-05-26 20:48:06 +0300
  Processing by PizzasController#new as HTML
Rendered pizzas/_form.html.haml (12.8ms)
Rendered pizzas/new.html.haml within layouts/application (16.2ms)
Completed 200 OK in 26ms (Views: 19.1ms | ActiveRecord: 0.0ms)


Started GET "/pizzas" for 127.0.0.1 at 2012-05-26 20:48:08 +0300
  Processing by PizzasController#index as HTML
  [1m[36mPizza Load (0.1ms)[0m  [1mSELECT `pizzas`.* FROM `pizzas`[0m
Rendered pizzas/index.html.haml within layouts/application (36.9ms)
Completed 200 OK in 46ms (Views: 39.6ms | ActiveRecord: 0.1ms)


Started GET "/pizzas" for 127.0.0.1 at 2012-05-26 20:48:25 +0300
  Processing by PizzasController#index as HTML
  [1m[35mPizza Load (0.2ms)[0m  SELECT `pizzas`.* FROM `pizzas`
Rendered pizzas/index.html.haml within layouts/application (15.6ms)
Completed 200 OK in 24ms (Views: 18.3ms | ActiveRecord: 0.2ms)


Started GET "/pizzas/new" for 127.0.0.1 at 2012-05-26 20:48:27 +0300
  Processing by PizzasController#new as HTML
Rendered pizzas/_form.html.haml (13.3ms)
Rendered pizzas/new.html.haml within layouts/application (16.4ms)
Completed 200 OK in 26ms (Views: 19.1ms | ActiveRecord: 0.0ms)


Started GET "/pizzas/new" for 127.0.0.1 at 2012-05-26 20:48:40 +0300
  Processing by PizzasController#new as HTML
Rendered pizzas/_form.html.haml (13.6ms)
Rendered pizzas/new.html.haml within layouts/application (16.7ms)
Completed 200 OK in 47ms (Views: 19.5ms | ActiveRecord: 0.0ms)


Started GET "/pizzas/new" for 127.0.0.1 at 2012-05-26 20:49:31 +0300
  Processing by PizzasController#new as HTML
Rendered pizzas/_form.html.haml (13.8ms)
Rendered pizzas/new.html.haml within layouts/application (17.0ms)
Completed 200 OK in 27ms (Views: 19.8ms | ActiveRecord: 0.0ms)


Started GET "/pizzas/new" for 127.0.0.1 at 2012-05-26 20:49:53 +0300
  Processing by PizzasController#new as HTML
Rendered pizzas/_form.html.haml (15.9ms)
Rendered pizzas/new.html.haml within layouts/application (20.8ms)
Completed 200 OK in 34ms (Views: 26.7ms | ActiveRecord: 0.0ms)


Started GET "/pizzas/new" for 127.0.0.1 at 2012-05-26 20:51:54 +0300
  Processing by PizzasController#new as HTML
Rendered pizzas/_form.html.haml (13.1ms)
Rendered pizzas/new.html.haml within layouts/application (16.2ms)
Completed 200 OK in 25ms (Views: 19.0ms | ActiveRecord: 0.0ms)


Started GET "/pizzas/new" for 127.0.0.1 at 2012-05-26 20:52:22 +0300
  Processing by PizzasController#new as HTML
Rendered pizzas/_form.html.haml (12.8ms)
Rendered pizzas/new.html.haml within layouts/application (15.7ms)
Completed 200 OK in 25ms (Views: 18.6ms | ActiveRecord: 0.0ms)


Started GET "/pizzas/new" for 127.0.0.1 at 2012-05-26 20:54:23 +0300
  Processing by PizzasController#new as HTML
Rendered pizzas/_form.html.haml (13.0ms)
Rendered pizzas/new.html.haml within layouts/application (16.0ms)
Completed 200 OK in 45ms (Views: 18.9ms | ActiveRecord: 0.0ms)


Started GET "/pizzas" for 127.0.0.1 at 2012-05-26 20:54:24 +0300
  Processing by PizzasController#index as HTML
  [1m[36mPizza Load (0.1ms)[0m  [1mSELECT `pizzas`.* FROM `pizzas`[0m
Rendered pizzas/index.html.haml within layouts/application (15.5ms)
Completed 200 OK in 24ms (Views: 18.2ms | ActiveRecord: 0.1ms)


Started GET "/pizzas/1/edit" for 127.0.0.1 at 2012-05-26 20:55:27 +0300
  Processing by PizzasController#edit as HTML
  Parameters: {"id"=>"1"}
  [1m[35mPizza Load (0.1ms)[0m  SELECT `pizzas`.* FROM `pizzas` WHERE `pizzas`.`id` = 1 LIMIT 1
Rendered pizzas/_form.html.haml (23.6ms)
Rendered pizzas/edit.html.haml within layouts/application (29.1ms)
Completed 200 OK in 63ms (Views: 35.0ms | ActiveRecord: 0.1ms)


Started GET "/pizzas" for 127.0.0.1 at 2012-05-26 20:55:39 +0300
  Processing by PizzasController#index as HTML
  [1m[36mPizza Load (0.2ms)[0m  [1mSELECT `pizzas`.* FROM `pizzas`[0m
Rendered pizzas/index.html.haml within layouts/application (15.8ms)
Completed 200 OK in 25ms (Views: 18.6ms | ActiveRecord: 0.2ms)


Started GET "/pizzas/3/edit" for 127.0.0.1 at 2012-05-26 20:56:05 +0300
  Processing by PizzasController#edit as HTML
  Parameters: {"id"=>"3"}
  [1m[35mPizza Load (0.2ms)[0m  SELECT `pizzas`.* FROM `pizzas` WHERE `pizzas`.`id` = 3 LIMIT 1
Rendered pizzas/_form.html.haml (48.6ms)
Rendered pizzas/edit.html.haml within layouts/application (52.5ms)
Completed 200 OK in 62ms (Views: 55.3ms | ActiveRecord: 0.2ms)


Started POST "/pizzas/3" for 127.0.0.1 at 2012-05-26 20:56:10 +0300
  Processing by PizzasController#update as HTML
  Parameters: {"utf8"=>"✓", "authenticity_token"=>"RoLFoyDc5SFpiX6JIL74b4Ctq9lTyul9eLqklDOdALA=", "pizza"=>{"name"=>"Chesterfield pizza", "cost"=>"11.00", "mass"=>"500", "description"=>"This method removes not only child (and other descendant) elements, but also any text within the set of matched elements. This is because, according to the DOM specification, any string of text within an element is considered a child node of that element. Consider the following HTML", "diameter"=>"30"}, "commit"=>"Save", "id"=>"3"}
  [1m[36mPizza Load (0.1ms)[0m  [1mSELECT `pizzas`.* FROM `pizzas` WHERE `pizzas`.`id` = 3 LIMIT 1[0m
  [1m[35mSQL (0.1ms)[0m  BEGIN
  [1m[36mAREL (0.3ms)[0m  [1mUPDATE `pizzas` SET `name` = 'Chesterfield pizza', `updated_at` = '2012-05-26 17:56:10' WHERE `pizzas`.`id` = 3[0m
[paperclip] Saving attachments.
  [1m[35mSQL (34.9ms)[0m  COMMIT
Redirected to http://localhost:3000/pizzas/3
Completed 302 Found in 51ms


Started GET "/pizzas/3" for 127.0.0.1 at 2012-05-26 20:56:10 +0300
  Processing by PizzasController#show as HTML
  Parameters: {"id"=>"3"}
  [1m[36mPizza Load (0.4ms)[0m  [1mSELECT `pizzas`.* FROM `pizzas` WHERE `pizzas`.`id` = 3 LIMIT 1[0m
Rendered pizzas/show.html.haml within layouts/application (47.8ms)
Completed 200 OK in 61ms (Views: 53.2ms | ActiveRecord: 35.8ms)


Started GET "/pizzas" for 127.0.0.1 at 2012-05-26 20:56:14 +0300
  Processing by PizzasController#index as HTML
  [1m[35mPizza Load (0.4ms)[0m  SELECT `pizzas`.* FROM `pizzas`
Rendered pizzas/index.html.haml within layouts/application (36.6ms)
Completed 200 OK in 49ms (Views: 42.5ms | ActiveRecord: 0.4ms)
DEPRECATION WARNING: config.action_view.debug_rjs will be removed in 3.1, from 3.1 onwards you will need to install prototype-rails to continue to use RJS templates . (called from <top (required)> at /home/igor/sites/helios/PizzaHelios/config/environment.rb:5)


Started GET "/pizzas/new" for 127.0.0.1 at 2012-05-26 21:05:48 +0300
  Processing by PizzasController#new as HTML
Rendered pizzas/_form.html.haml (74.7ms)
Rendered pizzas/new.html.haml within layouts/application (77.9ms)
Completed 200 OK in 87ms (Views: 80.6ms | ActiveRecord: 0.0ms)


Started POST "/pizzas" for 127.0.0.1 at 2012-05-26 21:06:05 +0300
  Processing by PizzasController#create as HTML
  Parameters: {"utf8"=>"✓", "authenticity_token"=>"RoLFoyDc5SFpiX6JIL74b4Ctq9lTyul9eLqklDOdALA=", "pizza"=>{"name"=>"Test Pizza", "cost"=>"39,70", "mass"=>"400", "description"=>"sfgsdfgsdfg", "diameter"=>"40", "photo"=>#<ActionDispatch::Http::UploadedFile:0xb5d33b4 @original_filename="1327342661114.gif", @content_type="image/gif", @headers="Content-Disposition: form-data; name=\"pizza[photo]\"; filename=\"1327342661114.gif\"\r\nContent-Type: image/gif\r\n", @tempfile=#<File:/tmp/RackMultipart20120526-6191-bmhqnm>>}, "commit"=>"Save"}
[32mCommand[0m :: identify -format %wx%h '/tmp/132734266111420120526-6191-6x5m7b.gif[0]'
[32mCommand[0m :: convert '/tmp/132734266111420120526-6191-6x5m7b.gif' -coalesce -resize "150x150>" '/tmp/132734266111420120526-6191-6x5m7b20120526-6191-u0o15f'
[32mCommand[0m :: identify -format %wx%h '/tmp/132734266111420120526-6191-6x5m7b.gif[0]'
[32mCommand[0m :: convert '/tmp/132734266111420120526-6191-6x5m7b.gif' -coalesce -resize "200x200>" '/tmp/132734266111420120526-6191-6x5m7b20120526-6191-u2kq3n'
  [1m[36mSQL (0.1ms)[0m  [1mBEGIN[0m
  [1m[35mSQL (0.1ms)[0m  ROLLBACK
Rendered pizzas/_form.html.haml (9.3ms)
Rendered pizzas/new.html.haml within layouts/application (12.5ms)
Completed 200 OK in 6051ms (Views: 15.4ms | ActiveRecord: 0.1ms)


Started GET "/pizzas" for 127.0.0.1 at 2012-05-26 21:06:20 +0300
  Processing by PizzasController#index as HTML
  [1m[36mPizza Load (0.2ms)[0m  [1mSELECT `pizzas`.* FROM `pizzas`[0m
Rendered pizzas/index.html.haml within layouts/application (46.7ms)
Completed 200 OK in 91ms (Views: 49.5ms | ActiveRecord: 0.2ms)
DEPRECATION WARNING: config.action_view.debug_rjs will be removed in 3.1, from 3.1 onwards you will need to install prototype-rails to continue to use RJS templates . (called from <top (required)> at /home/igor/sites/helios/PizzaHelios/config/environment.rb:5)


Started GET "/pizzas" for 127.0.0.1 at 2012-05-27 14:02:25 +0300
  Processing by PizzasController#index as HTML
  [1m[36mPizza Load (22.6ms)[0m  [1mSELECT `pizzas`.* FROM `pizzas`[0m
Rendered pizzas/index.html.haml within layouts/application (73.6ms)
Completed 200 OK in 195ms (Views: 79.3ms | ActiveRecord: 22.6ms)


Started GET "/pizzas" for 127.0.0.1 at 2012-05-27 14:02:30 +0300
  Processing by PizzasController#index as HTML
  [1m[35mPizza Load (0.1ms)[0m  SELECT `pizzas`.* FROM `pizzas`
Rendered pizzas/index.html.haml within layouts/application (42.1ms)
Completed 200 OK in 51ms (Views: 44.9ms | ActiveRecord: 0.1ms)


Started GET "/pizzas" for 127.0.0.1 at 2012-05-27 14:04:09 +0300
  Processing by PizzasController#index as HTML
  [1m[36mPizza Load (0.1ms)[0m  [1mSELECT `pizzas`.* FROM `pizzas`[0m
Rendered pizzas/index.html.haml within layouts/application (15.1ms)
Completed 200 OK in 24ms (Views: 17.8ms | ActiveRecord: 0.1ms)


Started GET "/pizzas/1" for 127.0.0.1 at 2012-05-27 14:04:15 +0300
  Processing by PizzasController#show as HTML
  Parameters: {"id"=>"1"}
  [1m[35mSQL (9.5ms)[0m  SHOW TABLES
  [1m[36mPizza Load (0.3ms)[0m  [1mSELECT `pizzas`.* FROM `pizzas` WHERE `pizzas`.`id` = 1 LIMIT 1[0m
Rendered pizzas/show.html.haml within layouts/application (68.6ms)
Completed 200 OK in 110ms (Views: 74.2ms | ActiveRecord: 9.8ms)


Started GET "/pizzas" for 127.0.0.1 at 2012-05-27 14:06:15 +0300
  Processing by PizzasController#index as HTML
  [1m[35mPizza Load (0.1ms)[0m  SELECT `pizzas`.* FROM `pizzas`
Rendered pizzas/index.html.haml within layouts/application (15.3ms)
Completed 200 OK in 24ms (Views: 18.0ms | ActiveRecord: 0.1ms)


Started GET "/pizzas" for 127.0.0.1 at 2012-05-27 14:06:17 +0300
  Processing by PizzasController#index as HTML
  [1m[36mPizza Load (0.2ms)[0m  [1mSELECT `pizzas`.* FROM `pizzas`[0m
Rendered pizzas/index.html.haml within layouts/application (19.6ms)
Completed 200 OK in 31ms (Views: 25.2ms | ActiveRecord: 0.2ms)


Started GET "/pizzas/1" for 127.0.0.1 at 2012-05-27 14:06:18 +0300
  Processing by PizzasController#show as HTML
  Parameters: {"id"=>"1"}
  [1m[35mPizza Load (0.2ms)[0m  SELECT `pizzas`.* FROM `pizzas` WHERE `pizzas`.`id` = 1 LIMIT 1
Rendered pizzas/show.html.haml within layouts/application (11.5ms)
Completed 200 OK in 21ms (Views: 14.3ms | ActiveRecord: 0.2ms)


Started GET "/pizzas" for 127.0.0.1 at 2012-05-27 14:07:56 +0300
  Processing by PizzasController#index as HTML
  [1m[36mPizza Load (0.1ms)[0m  [1mSELECT `pizzas`.* FROM `pizzas`[0m
Rendered pizzas/index.html.haml within layouts/application (15.0ms)
Completed 200 OK in 23ms (Views: 17.8ms | ActiveRecord: 0.1ms)


Started GET "/pizzas" for 127.0.0.1 at 2012-05-27 14:08:24 +0300
  Processing by PizzasController#index as HTML
  [1m[35mPizza Load (0.9ms)[0m  SELECT `pizzas`.* FROM `pizzas`
Rendered pizzas/index.html.haml within layouts/application (15.1ms)
Completed 200 OK in 45ms (Views: 18.2ms | ActiveRecord: 0.9ms)


Started GET "/pizzas" for 127.0.0.1 at 2012-05-27 14:10:29 +0300
  Processing by PizzasController#index as HTML
  [1m[36mPizza Load (0.1ms)[0m  [1mSELECT `pizzas`.* FROM `pizzas`[0m
Rendered pizzas/index.html.haml within layouts/application (15.0ms)
Completed 200 OK in 23ms (Views: 17.7ms | ActiveRecord: 0.1ms)


Started GET "/pizzas" for 127.0.0.1 at 2012-05-27 14:11:49 +0300
  Processing by PizzasController#index as HTML
  [1m[35mPizza Load (0.1ms)[0m  SELECT `pizzas`.* FROM `pizzas`
Rendered pizzas/index.html.haml within layouts/application (14.9ms)
Completed 200 OK in 23ms (Views: 17.6ms | ActiveRecord: 0.1ms)


Started GET "/pizzas/1/edit" for 127.0.0.1 at 2012-05-27 14:11:53 +0300
  Processing by PizzasController#edit as HTML
  Parameters: {"id"=>"1"}
  [1m[36mPizza Load (0.1ms)[0m  [1mSELECT `pizzas`.* FROM `pizzas` WHERE `pizzas`.`id` = 1 LIMIT 1[0m
Rendered pizzas/_form.html.haml (153.2ms)
Rendered pizzas/edit.html.haml within layouts/application (158.6ms)
Completed 200 OK in 171ms (Views: 164.1ms | ActiveRecord: 0.1ms)


Started GET "/pizzas" for 127.0.0.1 at 2012-05-27 14:15:28 +0300
  Processing by PizzasController#index as HTML
  [1m[35mPizza Load (0.2ms)[0m  SELECT `pizzas`.* FROM `pizzas`
Rendered pizzas/index.html.haml within layouts/application (38.7ms)
Completed 200 OK in 51ms (Views: 44.6ms | ActiveRecord: 0.2ms)


Started GET "/pizzas" for 127.0.0.1 at 2012-05-27 14:17:22 +0300
  Processing by PizzasController#index as HTML
  [1m[36mPizza Load (0.1ms)[0m  [1mSELECT `pizzas`.* FROM `pizzas`[0m
Rendered pizzas/index.html.haml within layouts/application (14.6ms)
Completed 200 OK in 23ms (Views: 17.3ms | ActiveRecord: 0.1ms)


Started GET "/pizzas/1" for 127.0.0.1 at 2012-05-27 14:17:25 +0300
  Processing by PizzasController#show as HTML
  Parameters: {"id"=>"1"}
  [1m[35mPizza Load (0.2ms)[0m  SELECT `pizzas`.* FROM `pizzas` WHERE `pizzas`.`id` = 1 LIMIT 1
Rendered pizzas/show.html.haml within layouts/application (11.2ms)
Completed 200 OK in 21ms (Views: 14.0ms | ActiveRecord: 0.2ms)


Started GET "/pizzas/2" for 127.0.0.1 at 2012-05-27 14:17:32 +0300
  Processing by PizzasController#show as HTML
  Parameters: {"id"=>"2"}
  [1m[36mPizza Load (0.3ms)[0m  [1mSELECT `pizzas`.* FROM `pizzas` WHERE `pizzas`.`id` = 2 LIMIT 1[0m
Rendered pizzas/show.html.haml within layouts/application (11.0ms)
Completed 200 OK in 21ms (Views: 13.8ms | ActiveRecord: 0.3ms)


Started GET "/pizzas/3" for 127.0.0.1 at 2012-05-27 14:17:36 +0300
  Processing by PizzasController#show as HTML
  Parameters: {"id"=>"3"}
  [1m[35mPizza Load (0.3ms)[0m  SELECT `pizzas`.* FROM `pizzas` WHERE `pizzas`.`id` = 3 LIMIT 1
Rendered pizzas/show.html.haml within layouts/application (19.0ms)
Completed 200 OK in 29ms (Views: 21.8ms | ActiveRecord: 0.3ms)
DEPRECATION WARNING: config.action_view.debug_rjs will be removed in 3.1, from 3.1 onwards you will need to install prototype-rails to continue to use RJS templates . (called from <top (required)> at /home/igor/sites/helios/PizzaHelios/config/environment.rb:5)


Started GET "/pizzas" for 127.0.0.1 at 2012-05-27 15:06:10 +0300
  Processing by PizzasController#index as HTML
  [1m[36mPizza Load (0.2ms)[0m  [1mSELECT `pizzas`.* FROM `pizzas`[0m
Rendered pizzas/index.html.haml within layouts/application (38.2ms)
Completed 200 OK in 79ms (Views: 41.0ms | ActiveRecord: 0.2ms)


Started GET "/pizzas/new" for 127.0.0.1 at 2012-05-27 15:06:13 +0300
  Processing by PizzasController#new as HTML
Rendered pizzas/_form.html.haml (75.5ms)
Rendered pizzas/new.html.haml within layouts/application (78.7ms)
Completed 200 OK in 89ms (Views: 81.4ms | ActiveRecord: 0.0ms)


Started POST "/pizzas" for 127.0.0.1 at 2012-05-27 15:06:31 +0300
  Processing by PizzasController#create as HTML
  Parameters: {"utf8"=>"✓", "authenticity_token"=>"DnZbRdKrFXfO8+omUP0YoLNPfMHrVsSiU2WVINmdjdQ=", "pizza"=>{"name"=>"Valid pizza", "cost"=>"fdf", "mass"=>"df", "description"=>"asdfasdfasdf", "diameter"=>"d"}, "commit"=>"Save"}
  [1m[35mSQL (0.1ms)[0m  BEGIN
  [1m[36mSQL (0.1ms)[0m  [1mROLLBACK[0m
Rendered pizzas/_form.html.haml (10.7ms)
Rendered pizzas/new.html.haml within layouts/application (13.7ms)
Completed 200 OK in 55ms (Views: 16.4ms | ActiveRecord: 0.2ms)


Started POST "/pizzas" for 127.0.0.1 at 2012-05-27 15:06:52 +0300
  Processing by PizzasController#create as HTML
  Parameters: {"utf8"=>"✓", "authenticity_token"=>"DnZbRdKrFXfO8+omUP0YoLNPfMHrVsSiU2WVINmdjdQ=", "pizza"=>{"name"=>"Valid pizza", "cost"=>"20.70", "mass"=>"df", "description"=>"asdfasdfasdf", "diameter"=>"d"}, "commit"=>"Save"}
  [1m[35mSQL (0.1ms)[0m  BEGIN
  [1m[36mSQL (0.1ms)[0m  [1mROLLBACK[0m
Rendered pizzas/_form.html.haml (10.2ms)
Rendered pizzas/new.html.haml within layouts/application (13.3ms)
Completed 200 OK in 32ms (Views: 15.9ms | ActiveRecord: 0.2ms)


Started POST "/pizzas" for 127.0.0.1 at 2012-05-27 15:06:58 +0300
  Processing by PizzasController#create as HTML
  Parameters: {"utf8"=>"✓", "authenticity_token"=>"DnZbRdKrFXfO8+omUP0YoLNPfMHrVsSiU2WVINmdjdQ=", "pizza"=>{"name"=>"Valid pizza", "cost"=>"20,70", "mass"=>"df", "description"=>"asdfasdfasdf", "diameter"=>"d"}, "commit"=>"Save"}
  [1m[35mSQL (0.0ms)[0m  BEGIN
  [1m[36mSQL (0.1ms)[0m  [1mROLLBACK[0m
Rendered pizzas/_form.html.haml (12.8ms)
Rendered pizzas/new.html.haml within layouts/application (17.5ms)
Completed 200 OK in 41ms (Views: 23.2ms | ActiveRecord: 0.2ms)


Started GET "/pizzas" for 127.0.0.1 at 2012-05-27 15:08:29 +0300
  Processing by PizzasController#index as HTML
  [1m[35mPizza Load (0.2ms)[0m  SELECT `pizzas`.* FROM `pizzas`
Rendered pizzas/index.html.haml within layouts/application (15.4ms)
Completed 200 OK in 26ms (Views: 18.1ms | ActiveRecord: 0.2ms)


Started GET "/pizzas/new" for 127.0.0.1 at 2012-05-27 15:09:21 +0300
  Processing by PizzasController#new as HTML
Rendered pizzas/_form.html.haml (12.4ms)
Rendered pizzas/new.html.haml within layouts/application (15.3ms)
Completed 200 OK in 26ms (Views: 17.9ms | ActiveRecord: 0.0ms)


Started GET "/pizzas" for 127.0.0.1 at 2012-05-27 15:09:35 +0300
  Processing by PizzasController#index as HTML
  [1m[36mPizza Load (0.2ms)[0m  [1mSELECT `pizzas`.* FROM `pizzas`[0m
Rendered pizzas/index.html.haml within layouts/application (19.2ms)
Completed 200 OK in 32ms (Views: 25.0ms | ActiveRecord: 0.2ms)


Started GET "/pizzas/2" for 127.0.0.1 at 2012-05-27 15:11:57 +0300
  Processing by PizzasController#show as HTML
  Parameters: {"id"=>"2"}
  [1m[35mSQL (0.4ms)[0m  SHOW TABLES
  [1m[36mPizza Load (0.2ms)[0m  [1mSELECT `pizzas`.* FROM `pizzas` WHERE `pizzas`.`id` = 2 LIMIT 1[0m
Rendered pizzas/show.html.haml within layouts/application (45.5ms)
Completed 200 OK in 81ms (Views: 51.4ms | ActiveRecord: 0.6ms)
